{"/Users/sachinsh/Desktop/workplace-demo/flowboard/.eslintrc.cjs": {"path":"/Users/sachinsh/Desktop/workplace-demo/flowboard/.eslintrc.cjs","all":true,"statementMap":{"0":{"start":{"line":1,"column":0},"end":{"line":1,"column":18}},"1":{"start":{"line":2,"column":0},"end":{"line":2,"column":13}},"2":{"start":{"line":3,"column":0},"end":{"line":3,"column":39}},"3":{"start":{"line":4,"column":0},"end":{"line":4,"column":12}},"4":{"start":{"line":5,"column":0},"end":{"line":5,"column":25}},"5":{"start":{"line":6,"column":0},"end":{"line":6,"column":44}},"6":{"start":{"line":7,"column":0},"end":{"line":7,"column":37}},"7":{"start":{"line":8,"column":0},"end":{"line":8,"column":4}},"8":{"start":{"line":9,"column":0},"end":{"line":9,"column":44}},"9":{"start":{"line":10,"column":0},"end":{"line":10,"column":38}},"10":{"start":{"line":11,"column":0},"end":{"line":11,"column":29}},"11":{"start":{"line":12,"column":0},"end":{"line":12,"column":10}},"12":{"start":{"line":13,"column":0},"end":{"line":13,"column":45}},"13":{"start":{"line":14,"column":0},"end":{"line":14,"column":13}},"14":{"start":{"line":15,"column":0},"end":{"line":15,"column":36}},"15":{"start":{"line":16,"column":0},"end":{"line":16,"column":6}},"16":{"start":{"line":17,"column":0},"end":{"line":17,"column":4}},"17":{"start":{"line":18,"column":0},"end":{"line":18,"column":1}}},"s":{"0":0,"1":0,"2":0,"3":0,"4":0,"5":0,"6":0,"7":0,"8":0,"9":0,"10":0,"11":0,"12":0,"13":0,"14":0,"15":0,"16":0,"17":0},"branchMap":{"0":{"type":"branch","line":1,"loc":{"start":{"line":1,"column":435},"end":{"line":18,"column":1}},"locations":[{"start":{"line":1,"column":435},"end":{"line":18,"column":1}}]}},"b":{"0":[0]},"fnMap":{"0":{"name":"(empty-report)","decl":{"start":{"line":1,"column":435},"end":{"line":18,"column":1}},"loc":{"start":{"line":1,"column":435},"end":{"line":18,"column":1}},"line":1}},"f":{"0":0}}
,"/Users/sachinsh/Desktop/workplace-demo/flowboard/src/App.tsx": {"path":"/Users/sachinsh/Desktop/workplace-demo/flowboard/src/App.tsx","all":true,"statementMap":{"0":{"start":{"line":1,"column":0},"end":{"line":1,"column":56}},"1":{"start":{"line":2,"column":0},"end":{"line":2,"column":56}},"2":{"start":{"line":3,"column":0},"end":{"line":3,"column":43}},"3":{"start":{"line":4,"column":0},"end":{"line":4,"column":61}},"4":{"start":{"line":5,"column":0},"end":{"line":5,"column":0}},"5":{"start":{"line":6,"column":0},"end":{"line":6,"column":16}},"6":{"start":{"line":7,"column":0},"end":{"line":7,"column":10}},"7":{"start":{"line":8,"column":0},"end":{"line":8,"column":19}},"8":{"start":{"line":9,"column":0},"end":{"line":9,"column":21}},"9":{"start":{"line":10,"column":0},"end":{"line":10,"column":17}},"10":{"start":{"line":11,"column":0},"end":{"line":11,"column":26}},"11":{"start":{"line":12,"column":0},"end":{"line":12,"column":22}},"12":{"start":{"line":13,"column":0},"end":{"line":13,"column":20}},"13":{"start":{"line":14,"column":0},"end":{"line":14,"column":4}},"14":{"start":{"line":15,"column":0},"end":{"line":15,"column":1}},"15":{"start":{"line":16,"column":0},"end":{"line":16,"column":0}},"16":{"start":{"line":17,"column":0},"end":{"line":17,"column":19}}},"s":{"0":0,"1":0,"2":0,"3":0,"4":0,"5":0,"6":0,"7":0,"8":0,"9":0,"10":0,"11":0,"12":0,"13":0,"14":0,"15":0,"16":0},"branchMap":{"0":{"type":"branch","line":1,"loc":{"start":{"line":1,"column":407},"end":{"line":17,"column":19}},"locations":[{"start":{"line":1,"column":407},"end":{"line":17,"column":19}}]}},"b":{"0":[0]},"fnMap":{"0":{"name":"(empty-report)","decl":{"start":{"line":1,"column":407},"end":{"line":17,"column":19}},"loc":{"start":{"line":1,"column":407},"end":{"line":17,"column":19}},"line":1}},"f":{"0":0}}
,"/Users/sachinsh/Desktop/workplace-demo/flowboard/src/main.tsx": {"path":"/Users/sachinsh/Desktop/workplace-demo/flowboard/src/main.tsx","all":true,"statementMap":{"0":{"start":{"line":1,"column":0},"end":{"line":1,"column":25}},"1":{"start":{"line":2,"column":0},"end":{"line":2,"column":39}},"2":{"start":{"line":3,"column":0},"end":{"line":3,"column":27}},"3":{"start":{"line":4,"column":0},"end":{"line":4,"column":20}},"4":{"start":{"line":5,"column":0},"end":{"line":5,"column":31}},"5":{"start":{"line":6,"column":0},"end":{"line":6,"column":0}},"6":{"start":{"line":7,"column":0},"end":{"line":7,"column":61}},"7":{"start":{"line":8,"column":0},"end":{"line":8,"column":20}},"8":{"start":{"line":9,"column":0},"end":{"line":9,"column":11}},"9":{"start":{"line":10,"column":0},"end":{"line":10,"column":22}},"10":{"start":{"line":11,"column":0},"end":{"line":11,"column":1}}},"s":{"0":0,"1":0,"2":0,"3":0,"4":0,"5":0,"6":0,"7":0,"8":0,"9":0,"10":0},"branchMap":{"0":{"type":"branch","line":1,"loc":{"start":{"line":1,"column":267},"end":{"line":11,"column":1}},"locations":[{"start":{"line":1,"column":267},"end":{"line":11,"column":1}}]}},"b":{"0":[0]},"fnMap":{"0":{"name":"(empty-report)","decl":{"start":{"line":1,"column":267},"end":{"line":11,"column":1}},"loc":{"start":{"line":1,"column":267},"end":{"line":11,"column":1}},"line":1}},"f":{"0":0}}
,"/Users/sachinsh/Desktop/workplace-demo/flowboard/src/components/AddTaskDialog.tsx": {"path":"/Users/sachinsh/Desktop/workplace-demo/flowboard/src/components/AddTaskDialog.tsx","all":false,"statementMap":{"0":{"start":{"line":1,"column":0},"end":{"line":1,"column":59}},"1":{"start":{"line":2,"column":0},"end":{"line":2,"column":41}},"2":{"start":{"line":3,"column":0},"end":{"line":3,"column":59}},"3":{"start":{"line":4,"column":0},"end":{"line":4,"column":53}},"4":{"start":{"line":5,"column":0},"end":{"line":5,"column":0}},"5":{"start":{"line":6,"column":0},"end":{"line":6,"column":3}},"6":{"start":{"line":7,"column":0},"end":{"line":7,"column":22}},"7":{"start":{"line":8,"column":0},"end":{"line":8,"column":3}},"8":{"start":{"line":9,"column":0},"end":{"line":9,"column":30}},"9":{"start":{"line":10,"column":0},"end":{"line":10,"column":18}},"10":{"start":{"line":11,"column":0},"end":{"line":11,"column":22}},"11":{"start":{"line":12,"column":0},"end":{"line":12,"column":1}},"12":{"start":{"line":13,"column":0},"end":{"line":13,"column":0}},"13":{"start":{"line":14,"column":0},"end":{"line":14,"column":3}},"14":{"start":{"line":15,"column":0},"end":{"line":15,"column":26}},"15":{"start":{"line":16,"column":0},"end":{"line":16,"column":3}},"16":{"start":{"line":17,"column":0},"end":{"line":17,"column":49}},"17":{"start":{"line":18,"column":0},"end":{"line":18,"column":48}},"18":{"start":{"line":19,"column":0},"end":{"line":19,"column":3}},"19":{"start":{"line":20,"column":0},"end":{"line":20,"column":45}},"20":{"start":{"line":21,"column":0},"end":{"line":21,"column":48}},"21":{"start":{"line":22,"column":0},"end":{"line":22,"column":3}},"22":{"start":{"line":23,"column":0},"end":{"line":23,"column":72}},"23":{"start":{"line":24,"column":0},"end":{"line":24,"column":41}},"24":{"start":{"line":25,"column":0},"end":{"line":25,"column":41}},"25":{"start":{"line":26,"column":0},"end":{"line":26,"column":50}},"26":{"start":{"line":27,"column":0},"end":{"line":27,"column":49}},"27":{"start":{"line":28,"column":0},"end":{"line":28,"column":41}},"28":{"start":{"line":29,"column":0},"end":{"line":29,"column":0}},"29":{"start":{"line":30,"column":0},"end":{"line":30,"column":25}},"30":{"start":{"line":31,"column":0},"end":{"line":31,"column":34}},"31":{"start":{"line":32,"column":0},"end":{"line":32,"column":0}},"32":{"start":{"line":33,"column":0},"end":{"line":33,"column":34}},"33":{"start":{"line":34,"column":0},"end":{"line":34,"column":19}},"34":{"start":{"line":35,"column":0},"end":{"line":35,"column":37}},"35":{"start":{"line":36,"column":0},"end":{"line":36,"column":59}},"36":{"start":{"line":37,"column":0},"end":{"line":37,"column":24}},"37":{"start":{"line":38,"column":0},"end":{"line":38,"column":34}},"38":{"start":{"line":39,"column":0},"end":{"line":39,"column":12}},"39":{"start":{"line":40,"column":0},"end":{"line":40,"column":5}},"40":{"start":{"line":41,"column":0},"end":{"line":41,"column":15}},"41":{"start":{"line":42,"column":0},"end":{"line":42,"column":0}},"42":{"start":{"line":43,"column":0},"end":{"line":43,"column":34}},"43":{"start":{"line":44,"column":0},"end":{"line":44,"column":19}},"44":{"start":{"line":45,"column":0},"end":{"line":45,"column":18}},"45":{"start":{"line":46,"column":0},"end":{"line":46,"column":19}},"46":{"start":{"line":47,"column":0},"end":{"line":47,"column":19}},"47":{"start":{"line":48,"column":0},"end":{"line":48,"column":5}},"48":{"start":{"line":49,"column":0},"end":{"line":49,"column":15}},"49":{"start":{"line":50,"column":0},"end":{"line":50,"column":0}},"50":{"start":{"line":51,"column":0},"end":{"line":51,"column":22}},"51":{"start":{"line":52,"column":0},"end":{"line":52,"column":19}},"52":{"start":{"line":53,"column":0},"end":{"line":53,"column":48}},"53":{"start":{"line":54,"column":0},"end":{"line":54,"column":41}},"54":{"start":{"line":55,"column":0},"end":{"line":55,"column":18}},"55":{"start":{"line":56,"column":0},"end":{"line":56,"column":7}},"56":{"start":{"line":57,"column":0},"end":{"line":57,"column":6}},"57":{"start":{"line":58,"column":0},"end":{"line":58,"column":0}},"58":{"start":{"line":59,"column":0},"end":{"line":59,"column":55}},"59":{"start":{"line":60,"column":0},"end":{"line":60,"column":71}},"60":{"start":{"line":61,"column":0},"end":{"line":61,"column":24}},"61":{"start":{"line":62,"column":0},"end":{"line":62,"column":0}},"62":{"start":{"line":63,"column":0},"end":{"line":63,"column":48}},"63":{"start":{"line":64,"column":0},"end":{"line":64,"column":23}},"64":{"start":{"line":65,"column":0},"end":{"line":65,"column":4}},"65":{"start":{"line":66,"column":0},"end":{"line":66,"column":21}},"66":{"start":{"line":67,"column":0},"end":{"line":67,"column":38}},"67":{"start":{"line":68,"column":0},"end":{"line":68,"column":24}},"68":{"start":{"line":69,"column":0},"end":{"line":69,"column":45}},"69":{"start":{"line":70,"column":0},"end":{"line":70,"column":13}},"70":{"start":{"line":71,"column":0},"end":{"line":71,"column":5}},"71":{"start":{"line":72,"column":0},"end":{"line":72,"column":0}},"72":{"start":{"line":73,"column":0},"end":{"line":73,"column":31}},"73":{"start":{"line":74,"column":0},"end":{"line":74,"column":14}},"74":{"start":{"line":75,"column":0},"end":{"line":75,"column":23}},"75":{"start":{"line":76,"column":0},"end":{"line":76,"column":39}},"76":{"start":{"line":77,"column":0},"end":{"line":77,"column":7}},"77":{"start":{"line":78,"column":0},"end":{"line":78,"column":0}},"78":{"start":{"line":79,"column":0},"end":{"line":79,"column":34}},"79":{"start":{"line":80,"column":0},"end":{"line":80,"column":14}},"80":{"start":{"line":81,"column":0},"end":{"line":81,"column":17}},"81":{"start":{"line":82,"column":0},"end":{"line":82,"column":17}},"82":{"start":{"line":83,"column":0},"end":{"line":83,"column":4}},"83":{"start":{"line":84,"column":0},"end":{"line":84,"column":0}},"84":{"start":{"line":85,"column":0},"end":{"line":85,"column":56}},"85":{"start":{"line":86,"column":0},"end":{"line":86,"column":39}},"86":{"start":{"line":87,"column":0},"end":{"line":87,"column":16}},"87":{"start":{"line":88,"column":0},"end":{"line":88,"column":5}},"88":{"start":{"line":89,"column":0},"end":{"line":89,"column":4}},"89":{"start":{"line":90,"column":0},"end":{"line":90,"column":0}},"90":{"start":{"line":91,"column":0},"end":{"line":91,"column":27}},"91":{"start":{"line":92,"column":0},"end":{"line":92,"column":0}},"92":{"start":{"line":93,"column":0},"end":{"line":93,"column":22}},"93":{"start":{"line":94,"column":0},"end":{"line":94,"column":8}},"94":{"start":{"line":95,"column":0},"end":{"line":95,"column":106}},"95":{"start":{"line":96,"column":0},"end":{"line":96,"column":35}},"96":{"start":{"line":97,"column":0},"end":{"line":97,"column":19}},"97":{"start":{"line":98,"column":0},"end":{"line":98,"column":23}},"98":{"start":{"line":99,"column":0},"end":{"line":99,"column":45}},"99":{"start":{"line":100,"column":0},"end":{"line":100,"column":5}},"100":{"start":{"line":101,"column":0},"end":{"line":101,"column":10}},"101":{"start":{"line":102,"column":0},"end":{"line":102,"column":23}},"102":{"start":{"line":103,"column":0},"end":{"line":103,"column":88}},"103":{"start":{"line":104,"column":0},"end":{"line":104,"column":7}},"104":{"start":{"line":105,"column":0},"end":{"line":105,"column":92}},"105":{"start":{"line":106,"column":0},"end":{"line":106,"column":22}},"106":{"start":{"line":107,"column":0},"end":{"line":107,"column":13}},"107":{"start":{"line":108,"column":0},"end":{"line":108,"column":8}},"108":{"start":{"line":109,"column":0},"end":{"line":109,"column":38}},"109":{"start":{"line":110,"column":0},"end":{"line":110,"column":32}},"110":{"start":{"line":111,"column":0},"end":{"line":111,"column":97}},"111":{"start":{"line":112,"column":0},"end":{"line":112,"column":24}},"112":{"start":{"line":113,"column":0},"end":{"line":113,"column":20}},"113":{"start":{"line":114,"column":0},"end":{"line":114,"column":18}},"114":{"start":{"line":115,"column":0},"end":{"line":115,"column":29}},"115":{"start":{"line":116,"column":0},"end":{"line":116,"column":28}},"116":{"start":{"line":117,"column":0},"end":{"line":117,"column":25}},"117":{"start":{"line":118,"column":0},"end":{"line":118,"column":27}},"118":{"start":{"line":119,"column":0},"end":{"line":119,"column":32}},"119":{"start":{"line":120,"column":0},"end":{"line":120,"column":41}},"120":{"start":{"line":121,"column":0},"end":{"line":121,"column":29}},"121":{"start":{"line":122,"column":0},"end":{"line":122,"column":16}},"122":{"start":{"line":123,"column":0},"end":{"line":123,"column":124}},"123":{"start":{"line":124,"column":0},"end":{"line":124,"column":60}},"124":{"start":{"line":125,"column":0},"end":{"line":125,"column":17}},"125":{"start":{"line":126,"column":0},"end":{"line":126,"column":44}},"126":{"start":{"line":127,"column":0},"end":{"line":127,"column":53}},"127":{"start":{"line":128,"column":0},"end":{"line":128,"column":71}},"128":{"start":{"line":129,"column":0},"end":{"line":129,"column":14}},"129":{"start":{"line":130,"column":0},"end":{"line":130,"column":23}},"130":{"start":{"line":131,"column":0},"end":{"line":131,"column":90}},"131":{"start":{"line":132,"column":0},"end":{"line":132,"column":23}},"132":{"start":{"line":133,"column":0},"end":{"line":133,"column":18}},"133":{"start":{"line":134,"column":0},"end":{"line":134,"column":14}},"134":{"start":{"line":135,"column":0},"end":{"line":135,"column":16}},"135":{"start":{"line":136,"column":0},"end":{"line":136,"column":0}},"136":{"start":{"line":137,"column":0},"end":{"line":137,"column":50}},"137":{"start":{"line":138,"column":0},"end":{"line":138,"column":19}},"138":{"start":{"line":139,"column":0},"end":{"line":139,"column":27}},"139":{"start":{"line":140,"column":0},"end":{"line":140,"column":31}},"140":{"start":{"line":141,"column":0},"end":{"line":141,"column":94}},"141":{"start":{"line":142,"column":0},"end":{"line":142,"column":50}},"142":{"start":{"line":143,"column":0},"end":{"line":143,"column":45}},"143":{"start":{"line":144,"column":0},"end":{"line":144,"column":13}},"144":{"start":{"line":145,"column":0},"end":{"line":145,"column":20}},"145":{"start":{"line":146,"column":0},"end":{"line":146,"column":21}},"146":{"start":{"line":147,"column":0},"end":{"line":147,"column":19}},"147":{"start":{"line":148,"column":0},"end":{"line":148,"column":27}},"148":{"start":{"line":149,"column":0},"end":{"line":149,"column":92}},"149":{"start":{"line":150,"column":0},"end":{"line":150,"column":50}},"150":{"start":{"line":151,"column":0},"end":{"line":151,"column":39}},"151":{"start":{"line":152,"column":0},"end":{"line":152,"column":13}},"152":{"start":{"line":153,"column":0},"end":{"line":153,"column":22}},"153":{"start":{"line":154,"column":0},"end":{"line":154,"column":21}},"154":{"start":{"line":155,"column":0},"end":{"line":155,"column":16}},"155":{"start":{"line":156,"column":0},"end":{"line":156,"column":15}},"156":{"start":{"line":157,"column":0},"end":{"line":157,"column":12}},"157":{"start":{"line":158,"column":0},"end":{"line":158,"column":11}},"158":{"start":{"line":159,"column":0},"end":{"line":159,"column":17}},"159":{"start":{"line":160,"column":0},"end":{"line":160,"column":4}},"160":{"start":{"line":161,"column":0},"end":{"line":161,"column":1}}},"s":{"0":1,"1":1,"2":1,"3":1,"4":1,"5":1,"6":1,"7":1,"8":1,"9":1,"10":1,"11":1,"12":1,"13":1,"14":1,"15":1,"16":1,"17":1,"18":1,"19":1,"20":1,"21":1,"22":1,"23":253,"24":253,"25":253,"26":253,"27":253,"28":253,"29":253,"30":253,"31":253,"32":253,"33":253,"34":55,"35":27,"36":27,"37":27,"38":27,"39":27,"40":253,"41":253,"42":253,"43":253,"44":55,"45":28,"46":28,"47":28,"48":253,"49":253,"50":253,"51":253,"52":59,"53":141,"54":1,"55":1,"56":141,"57":59,"58":59,"59":59,"60":253,"61":253,"62":253,"63":16,"64":16,"65":16,"66":16,"67":16,"68":5,"69":5,"70":5,"71":11,"72":11,"73":11,"74":11,"75":11,"76":11,"77":11,"78":11,"79":11,"80":11,"81":11,"82":16,"83":253,"84":253,"85":33,"86":1,"87":1,"88":33,"89":253,"90":253,"91":190,"92":190,"93":190,"94":190,"95":190,"96":190,"97":190,"98":190,"99":190,"100":190,"101":190,"102":190,"103":190,"104":190,"105":190,"106":190,"107":190,"108":190,"109":190,"110":190,"111":190,"112":190,"113":190,"114":190,"115":190,"116":190,"117":190,"118":190,"119":139,"120":139,"121":139,"122":190,"123":253,"124":253,"125":253,"126":253,"127":253,"128":253,"129":253,"130":5,"131":5,"132":5,"133":253,"134":253,"135":253,"136":253,"137":253,"138":253,"139":253,"140":253,"141":253,"142":253,"143":253,"144":253,"145":253,"146":253,"147":253,"148":253,"149":253,"150":253,"151":253,"152":253,"153":253,"154":253,"155":253,"156":253,"157":253,"158":253,"159":253,"160":253},"branchMap":{"0":{"type":"branch","line":23,"loc":{"start":{"line":23,"column":7},"end":{"line":161,"column":1}},"locations":[{"start":{"line":23,"column":7},"end":{"line":161,"column":1}}]},"1":{"type":"branch","line":91,"loc":{"start":{"line":91,"column":15},"end":{"line":91,"column":27}},"locations":[{"start":{"line":91,"column":15},"end":{"line":91,"column":27}}]},"2":{"type":"branch","line":91,"loc":{"start":{"line":91,"column":22},"end":{"line":124,"column":24}},"locations":[{"start":{"line":91,"column":22},"end":{"line":124,"column":24}}]},"3":{"type":"branch","line":124,"loc":{"start":{"line":124,"column":16},"end":{"line":124,"column":43}},"locations":[{"start":{"line":124,"column":16},"end":{"line":124,"column":43}}]},"4":{"type":"branch","line":124,"loc":{"start":{"line":124,"column":24},"end":{"line":124,"column":60}},"locations":[{"start":{"line":124,"column":24},"end":{"line":124,"column":60}}]},"5":{"type":"branch","line":127,"loc":{"start":{"line":127,"column":28},"end":{"line":127,"column":45}},"locations":[{"start":{"line":127,"column":28},"end":{"line":127,"column":45}}]},"6":{"type":"branch","line":127,"loc":{"start":{"line":127,"column":36},"end":{"line":127,"column":53}},"locations":[{"start":{"line":127,"column":36},"end":{"line":127,"column":53}}]},"7":{"type":"branch","line":128,"loc":{"start":{"line":128,"column":32},"end":{"line":128,"column":61}},"locations":[{"start":{"line":128,"column":32},"end":{"line":128,"column":61}}]},"8":{"type":"branch","line":128,"loc":{"start":{"line":128,"column":40},"end":{"line":128,"column":71}},"locations":[{"start":{"line":128,"column":40},"end":{"line":128,"column":71}}]},"9":{"type":"branch","line":130,"loc":{"start":{"line":130,"column":13},"end":{"line":133,"column":18}},"locations":[{"start":{"line":130,"column":13},"end":{"line":133,"column":18}}]},"10":{"type":"branch","line":34,"loc":{"start":{"line":34,"column":12},"end":{"line":41,"column":5}},"locations":[{"start":{"line":34,"column":12},"end":{"line":41,"column":5}}]},"11":{"type":"branch","line":35,"loc":{"start":{"line":35,"column":8},"end":{"line":35,"column":36}},"locations":[{"start":{"line":35,"column":8},"end":{"line":35,"column":36}}]},"12":{"type":"branch","line":35,"loc":{"start":{"line":35,"column":36},"end":{"line":40,"column":5}},"locations":[{"start":{"line":35,"column":36},"end":{"line":40,"column":5}}]},"13":{"type":"branch","line":37,"loc":{"start":{"line":37,"column":17},"end":{"line":39,"column":9}},"locations":[{"start":{"line":37,"column":17},"end":{"line":39,"column":9}}]},"14":{"type":"branch","line":38,"loc":{"start":{"line":38,"column":17},"end":{"line":38,"column":32}},"locations":[{"start":{"line":38,"column":17},"end":{"line":38,"column":32}}]},"15":{"type":"branch","line":44,"loc":{"start":{"line":44,"column":12},"end":{"line":49,"column":5}},"locations":[{"start":{"line":44,"column":12},"end":{"line":49,"column":5}}]},"16":{"type":"branch","line":45,"loc":{"start":{"line":45,"column":17},"end":{"line":48,"column":5}},"locations":[{"start":{"line":45,"column":17},"end":{"line":48,"column":5}}]},"17":{"type":"branch","line":52,"loc":{"start":{"line":52,"column":12},"end":{"line":61,"column":5}},"locations":[{"start":{"line":52,"column":12},"end":{"line":61,"column":5}}]},"18":{"type":"branch","line":53,"loc":{"start":{"line":53,"column":25},"end":{"line":57,"column":6}},"locations":[{"start":{"line":53,"column":25},"end":{"line":57,"column":6}}]},"19":{"type":"branch","line":54,"loc":{"start":{"line":54,"column":20},"end":{"line":54,"column":40}},"locations":[{"start":{"line":54,"column":20},"end":{"line":54,"column":40}}]},"20":{"type":"branch","line":54,"loc":{"start":{"line":54,"column":40},"end":{"line":56,"column":7}},"locations":[{"start":{"line":54,"column":40},"end":{"line":56,"column":7}}]},"21":{"type":"branch","line":60,"loc":{"start":{"line":60,"column":11},"end":{"line":60,"column":71}},"locations":[{"start":{"line":60,"column":11},"end":{"line":60,"column":71}}]},"22":{"type":"branch","line":63,"loc":{"start":{"line":63,"column":23},"end":{"line":83,"column":4}},"locations":[{"start":{"line":63,"column":23},"end":{"line":83,"column":4}}]},"23":{"type":"branch","line":68,"loc":{"start":{"line":68,"column":23},"end":{"line":71,"column":5}},"locations":[{"start":{"line":68,"column":23},"end":{"line":71,"column":5}}]},"24":{"type":"branch","line":71,"loc":{"start":{"line":71,"column":4},"end":{"line":82,"column":17}},"locations":[{"start":{"line":71,"column":4},"end":{"line":82,"column":17}}]},"25":{"type":"branch","line":85,"loc":{"start":{"line":85,"column":30},"end":{"line":89,"column":4}},"locations":[{"start":{"line":85,"column":30},"end":{"line":89,"column":4}}]},"26":{"type":"branch","line":86,"loc":{"start":{"line":86,"column":38},"end":{"line":88,"column":5}},"locations":[{"start":{"line":86,"column":38},"end":{"line":88,"column":5}}]},"27":{"type":"branch","line":119,"loc":{"start":{"line":119,"column":24},"end":{"line":122,"column":16}},"locations":[{"start":{"line":119,"column":24},"end":{"line":122,"column":16}}]}},"b":{"0":[253],"1":[60],"2":[190],"3":[5],"4":[185],"5":[5],"6":[185],"7":[5],"8":[185],"9":[5],"10":[55],"11":[27],"12":[27],"13":[27],"14":[23],"15":[55],"16":[28],"17":[59],"18":[141],"19":[1],"20":[1],"21":[59],"22":[16],"23":[5],"24":[11],"25":[33],"26":[1],"27":[139]},"fnMap":{"0":{"name":"AddTaskDialog","decl":{"start":{"line":23,"column":7},"end":{"line":161,"column":1}},"loc":{"start":{"line":23,"column":7},"end":{"line":161,"column":1}},"line":23},"1":{"name":"handleEscape","decl":{"start":{"line":53,"column":25},"end":{"line":57,"column":6}},"loc":{"start":{"line":53,"column":25},"end":{"line":57,"column":6}},"line":53},"2":{"name":"handleSubmit","decl":{"start":{"line":63,"column":23},"end":{"line":83,"column":4}},"loc":{"start":{"line":63,"column":23},"end":{"line":83,"column":4}},"line":63},"3":{"name":"handleBackdropClick","decl":{"start":{"line":85,"column":30},"end":{"line":89,"column":4}},"loc":{"start":{"line":85,"column":30},"end":{"line":89,"column":4}},"line":85},"4":{"name":"onChange","decl":{"start":{"line":119,"column":24},"end":{"line":122,"column":16}},"loc":{"start":{"line":119,"column":24},"end":{"line":122,"column":16}},"line":119}},"f":{"0":253,"1":141,"2":16,"3":33,"4":139}}
,"/Users/sachinsh/Desktop/workplace-demo/flowboard/src/components/Board.tsx": {"path":"/Users/sachinsh/Desktop/workplace-demo/flowboard/src/components/Board.tsx","all":false,"statementMap":{"0":{"start":{"line":1,"column":0},"end":{"line":1,"column":39}},"1":{"start":{"line":2,"column":0},"end":{"line":2,"column":52}},"2":{"start":{"line":3,"column":0},"end":{"line":3,"column":59}},"3":{"start":{"line":4,"column":0},"end":{"line":4,"column":57}},"4":{"start":{"line":5,"column":0},"end":{"line":5,"column":34}},"5":{"start":{"line":6,"column":0},"end":{"line":6,"column":50}},"6":{"start":{"line":7,"column":0},"end":{"line":7,"column":0}},"7":{"start":{"line":8,"column":0},"end":{"line":8,"column":3}},"8":{"start":{"line":9,"column":0},"end":{"line":9,"column":18}},"9":{"start":{"line":10,"column":0},"end":{"line":10,"column":3}},"10":{"start":{"line":11,"column":0},"end":{"line":11,"column":58}},"11":{"start":{"line":12,"column":0},"end":{"line":12,"column":79}},"12":{"start":{"line":13,"column":0},"end":{"line":13,"column":62}},"13":{"start":{"line":14,"column":0},"end":{"line":14,"column":3}},"14":{"start":{"line":15,"column":0},"end":{"line":15,"column":25}},"15":{"start":{"line":16,"column":0},"end":{"line":16,"column":48}},"16":{"start":{"line":17,"column":0},"end":{"line":17,"column":34}},"17":{"start":{"line":18,"column":0},"end":{"line":18,"column":2}},"18":{"start":{"line":19,"column":0},"end":{"line":19,"column":9}},"19":{"start":{"line":20,"column":0},"end":{"line":20,"column":20}},"20":{"start":{"line":21,"column":0},"end":{"line":21,"column":18}},"21":{"start":{"line":22,"column":0},"end":{"line":22,"column":21}},"22":{"start":{"line":23,"column":0},"end":{"line":23,"column":18}},"23":{"start":{"line":24,"column":0},"end":{"line":24,"column":23}},"24":{"start":{"line":25,"column":0},"end":{"line":25,"column":0}},"25":{"start":{"line":26,"column":0},"end":{"line":26,"column":72}},"26":{"start":{"line":27,"column":0},"end":{"line":27,"column":39}},"27":{"start":{"line":28,"column":0},"end":{"line":28,"column":27}},"28":{"start":{"line":29,"column":0},"end":{"line":29,"column":19}},"29":{"start":{"line":30,"column":0},"end":{"line":30,"column":5}},"30":{"start":{"line":31,"column":0},"end":{"line":31,"column":75}},"31":{"start":{"line":32,"column":0},"end":{"line":32,"column":58}},"32":{"start":{"line":33,"column":0},"end":{"line":33,"column":22}},"33":{"start":{"line":34,"column":0},"end":{"line":34,"column":0}},"34":{"start":{"line":35,"column":0},"end":{"line":35,"column":52}},"35":{"start":{"line":36,"column":0},"end":{"line":36,"column":40}},"36":{"start":{"line":37,"column":0},"end":{"line":37,"column":27}},"37":{"start":{"line":38,"column":0},"end":{"line":38,"column":26}},"38":{"start":{"line":39,"column":0},"end":{"line":39,"column":5}},"39":{"start":{"line":40,"column":0},"end":{"line":40,"column":64}},"40":{"start":{"line":41,"column":0},"end":{"line":41,"column":20}},"41":{"start":{"line":42,"column":0},"end":{"line":42,"column":15}},"42":{"start":{"line":43,"column":0},"end":{"line":43,"column":0}},"43":{"start":{"line":44,"column":0},"end":{"line":44,"column":65}},"44":{"start":{"line":45,"column":0},"end":{"line":45,"column":14}},"45":{"start":{"line":46,"column":0},"end":{"line":46,"column":28}},"46":{"start":{"line":47,"column":0},"end":{"line":47,"column":37}},"47":{"start":{"line":48,"column":0},"end":{"line":48,"column":7}},"48":{"start":{"line":49,"column":0},"end":{"line":49,"column":4}},"49":{"start":{"line":50,"column":0},"end":{"line":50,"column":0}},"50":{"start":{"line":51,"column":0},"end":{"line":51,"column":10}},"51":{"start":{"line":52,"column":0},"end":{"line":52,"column":99}},"52":{"start":{"line":53,"column":0},"end":{"line":53,"column":41}},"53":{"start":{"line":54,"column":0},"end":{"line":54,"column":64}},"54":{"start":{"line":55,"column":0},"end":{"line":55,"column":73}},"55":{"start":{"line":56,"column":0},"end":{"line":56,"column":25}},"56":{"start":{"line":57,"column":0},"end":{"line":57,"column":34}},"57":{"start":{"line":58,"column":0},"end":{"line":58,"column":47}},"58":{"start":{"line":59,"column":0},"end":{"line":59,"column":12}},"59":{"start":{"line":60,"column":0},"end":{"line":60,"column":14}},"60":{"start":{"line":61,"column":0},"end":{"line":61,"column":8}},"61":{"start":{"line":62,"column":0},"end":{"line":62,"column":97}},"62":{"start":{"line":63,"column":0},"end":{"line":63,"column":45}},"63":{"start":{"line":64,"column":0},"end":{"line":64,"column":16}},"64":{"start":{"line":65,"column":0},"end":{"line":65,"column":30}},"65":{"start":{"line":66,"column":0},"end":{"line":66,"column":52}},"66":{"start":{"line":67,"column":0},"end":{"line":67,"column":73}},"67":{"start":{"line":68,"column":0},"end":{"line":68,"column":13}},"68":{"start":{"line":69,"column":0},"end":{"line":69,"column":21}},"69":{"start":{"line":70,"column":0},"end":{"line":70,"column":39}},"70":{"start":{"line":71,"column":0},"end":{"line":71,"column":37}},"71":{"start":{"line":72,"column":0},"end":{"line":72,"column":45}},"72":{"start":{"line":73,"column":0},"end":{"line":73,"column":45}},"73":{"start":{"line":74,"column":0},"end":{"line":74,"column":51}},"74":{"start":{"line":75,"column":0},"end":{"line":75,"column":45}},"75":{"start":{"line":76,"column":0},"end":{"line":76,"column":16}},"76":{"start":{"line":77,"column":0},"end":{"line":77,"column":18}},"77":{"start":{"line":78,"column":0},"end":{"line":78,"column":13}},"78":{"start":{"line":79,"column":0},"end":{"line":79,"column":14}},"79":{"start":{"line":80,"column":0},"end":{"line":80,"column":12}},"80":{"start":{"line":81,"column":0},"end":{"line":81,"column":11}},"81":{"start":{"line":82,"column":0},"end":{"line":82,"column":4}},"82":{"start":{"line":83,"column":0},"end":{"line":83,"column":1}}},"s":{"0":1,"1":1,"2":1,"3":1,"4":1,"5":1,"6":1,"7":1,"8":1,"9":1,"10":1,"11":1,"12":1,"13":1,"14":1,"15":34,"16":34,"17":34,"18":34,"19":34,"20":34,"21":34,"22":34,"23":34,"24":34,"25":34,"26":34,"27":20,"28":20,"29":20,"30":0,"31":0,"32":34,"33":34,"34":34,"35":34,"36":10,"37":10,"38":10,"39":0,"40":0,"41":34,"42":34,"43":34,"44":0,"45":0,"46":0,"47":0,"48":0,"49":34,"50":34,"51":34,"52":34,"53":34,"54":34,"55":34,"56":34,"57":34,"58":34,"59":34,"60":34,"61":34,"62":34,"63":96,"64":96,"65":96,"66":96,"67":96,"68":96,"69":96,"70":96,"71":96,"72":96,"73":96,"74":96,"75":96,"76":96,"77":34,"78":34,"79":34,"80":34,"81":34,"82":34},"branchMap":{"0":{"type":"branch","line":15,"loc":{"start":{"line":15,"column":7},"end":{"line":83,"column":1}},"locations":[{"start":{"line":15,"column":7},"end":{"line":83,"column":1}}]},"1":{"type":"branch","line":27,"loc":{"start":{"line":27,"column":32},"end":{"line":33,"column":5}},"locations":[{"start":{"line":27,"column":32},"end":{"line":33,"column":5}}]},"2":{"type":"branch","line":30,"loc":{"start":{"line":30,"column":4},"end":{"line":32,"column":58}},"locations":[{"start":{"line":30,"column":4},"end":{"line":32,"column":58}}]},"3":{"type":"branch","line":36,"loc":{"start":{"line":36,"column":33},"end":{"line":42,"column":5}},"locations":[{"start":{"line":36,"column":33},"end":{"line":42,"column":5}}]},"4":{"type":"branch","line":39,"loc":{"start":{"line":39,"column":4},"end":{"line":41,"column":20}},"locations":[{"start":{"line":39,"column":4},"end":{"line":41,"column":20}}]},"5":{"type":"branch","line":63,"loc":{"start":{"line":63,"column":30},"end":{"line":77,"column":18}},"locations":[{"start":{"line":63,"column":30},"end":{"line":77,"column":18}}]},"6":{"type":"branch","line":67,"loc":{"start":{"line":67,"column":49},"end":{"line":67,"column":71}},"locations":[{"start":{"line":67,"column":49},"end":{"line":67,"column":71}}]}},"b":{"0":[34],"1":[20],"2":[0],"3":[10],"4":[0],"5":[96],"6":[0]},"fnMap":{"0":{"name":"Board","decl":{"start":{"line":15,"column":7},"end":{"line":83,"column":1}},"loc":{"start":{"line":15,"column":7},"end":{"line":83,"column":1}},"line":15},"1":{"name":"handleFilterChange","decl":{"start":{"line":44,"column":29},"end":{"line":49,"column":4}},"loc":{"start":{"line":44,"column":29},"end":{"line":49,"column":4}},"line":44}},"f":{"0":34,"1":0}}
,"/Users/sachinsh/Desktop/workplace-demo/flowboard/src/components/Column.tsx": {"path":"/Users/sachinsh/Desktop/workplace-demo/flowboard/src/components/Column.tsx","all":false,"statementMap":{"0":{"start":{"line":1,"column":0},"end":{"line":1,"column":49}},"1":{"start":{"line":2,"column":0},"end":{"line":2,"column":44}},"2":{"start":{"line":3,"column":0},"end":{"line":3,"column":46}},"3":{"start":{"line":4,"column":0},"end":{"line":4,"column":38}},"4":{"start":{"line":5,"column":0},"end":{"line":5,"column":48}},"5":{"start":{"line":6,"column":0},"end":{"line":6,"column":0}},"6":{"start":{"line":7,"column":0},"end":{"line":7,"column":3}},"7":{"start":{"line":8,"column":0},"end":{"line":8,"column":15}},"8":{"start":{"line":9,"column":0},"end":{"line":9,"column":3}},"9":{"start":{"line":10,"column":0},"end":{"line":10,"column":23}},"10":{"start":{"line":11,"column":0},"end":{"line":11,"column":25}},"11":{"start":{"line":12,"column":0},"end":{"line":12,"column":16}},"12":{"start":{"line":13,"column":0},"end":{"line":13,"column":62}},"13":{"start":{"line":14,"column":0},"end":{"line":14,"column":32}},"14":{"start":{"line":15,"column":0},"end":{"line":15,"column":39}},"15":{"start":{"line":16,"column":0},"end":{"line":16,"column":32}},"16":{"start":{"line":17,"column":0},"end":{"line":17,"column":1}},"17":{"start":{"line":18,"column":0},"end":{"line":18,"column":0}},"18":{"start":{"line":19,"column":0},"end":{"line":19,"column":3}},"19":{"start":{"line":20,"column":0},"end":{"line":20,"column":19}},"20":{"start":{"line":21,"column":0},"end":{"line":21,"column":3}},"21":{"start":{"line":22,"column":0},"end":{"line":22,"column":47}},"22":{"start":{"line":23,"column":0},"end":{"line":23,"column":53}},"23":{"start":{"line":24,"column":0},"end":{"line":24,"column":44}},"24":{"start":{"line":25,"column":0},"end":{"line":25,"column":46}},"25":{"start":{"line":26,"column":0},"end":{"line":26,"column":3}},"26":{"start":{"line":27,"column":0},"end":{"line":27,"column":67}},"27":{"start":{"line":28,"column":0},"end":{"line":28,"column":67}},"28":{"start":{"line":29,"column":0},"end":{"line":29,"column":52}},"29":{"start":{"line":30,"column":0},"end":{"line":30,"column":60}},"30":{"start":{"line":31,"column":0},"end":{"line":31,"column":70}},"31":{"start":{"line":32,"column":0},"end":{"line":32,"column":59}},"32":{"start":{"line":33,"column":0},"end":{"line":33,"column":3}},"33":{"start":{"line":34,"column":0},"end":{"line":34,"column":51}},"34":{"start":{"line":35,"column":0},"end":{"line":35,"column":14}},"35":{"start":{"line":36,"column":0},"end":{"line":36,"column":8}},"36":{"start":{"line":37,"column":0},"end":{"line":37,"column":14}},"37":{"start":{"line":38,"column":0},"end":{"line":38,"column":16}},"38":{"start":{"line":39,"column":0},"end":{"line":39,"column":19}},"39":{"start":{"line":40,"column":0},"end":{"line":40,"column":16}},"40":{"start":{"line":41,"column":0},"end":{"line":41,"column":17}},"41":{"start":{"line":42,"column":0},"end":{"line":42,"column":72}},"42":{"start":{"line":43,"column":0},"end":{"line":43,"column":0}},"43":{"start":{"line":44,"column":0},"end":{"line":44,"column":42}},"44":{"start":{"line":45,"column":0},"end":{"line":45,"column":37}},"45":{"start":{"line":46,"column":0},"end":{"line":46,"column":16}},"46":{"start":{"line":47,"column":0},"end":{"line":47,"column":51}},"47":{"start":{"line":48,"column":0},"end":{"line":48,"column":41}},"48":{"start":{"line":49,"column":0},"end":{"line":49,"column":26}},"49":{"start":{"line":50,"column":0},"end":{"line":50,"column":0}},"50":{"start":{"line":51,"column":0},"end":{"line":51,"column":54}},"51":{"start":{"line":52,"column":0},"end":{"line":52,"column":53}},"52":{"start":{"line":53,"column":0},"end":{"line":53,"column":43}},"53":{"start":{"line":54,"column":0},"end":{"line":54,"column":2}},"54":{"start":{"line":55,"column":0},"end":{"line":55,"column":47}},"55":{"start":{"line":56,"column":0},"end":{"line":56,"column":76}},"56":{"start":{"line":57,"column":0},"end":{"line":57,"column":0}},"57":{"start":{"line":58,"column":0},"end":{"line":58,"column":10}},"58":{"start":{"line":59,"column":0},"end":{"line":59,"column":6}},"59":{"start":{"line":60,"column":0},"end":{"line":60,"column":10}},"60":{"start":{"line":61,"column":0},"end":{"line":61,"column":35}},"61":{"start":{"line":62,"column":0},"end":{"line":62,"column":103}},"62":{"start":{"line":63,"column":0},"end":{"line":63,"column":21}},"63":{"start":{"line":64,"column":0},"end":{"line":64,"column":43}},"64":{"start":{"line":65,"column":0},"end":{"line":65,"column":31}},"65":{"start":{"line":66,"column":0},"end":{"line":66,"column":11}},"66":{"start":{"line":67,"column":0},"end":{"line":67,"column":21}},"67":{"start":{"line":68,"column":0},"end":{"line":68,"column":55}},"68":{"start":{"line":69,"column":0},"end":{"line":69,"column":117}},"69":{"start":{"line":70,"column":0},"end":{"line":70,"column":7}},"70":{"start":{"line":71,"column":0},"end":{"line":71,"column":48}},"71":{"start":{"line":72,"column":0},"end":{"line":72,"column":8}},"72":{"start":{"line":73,"column":0},"end":{"line":73,"column":26}},"73":{"start":{"line":74,"column":0},"end":{"line":74,"column":17}},"74":{"start":{"line":75,"column":0},"end":{"line":75,"column":25}},"75":{"start":{"line":76,"column":0},"end":{"line":76,"column":56}},"76":{"start":{"line":77,"column":0},"end":{"line":77,"column":102}},"77":{"start":{"line":78,"column":0},"end":{"line":78,"column":41}},"78":{"start":{"line":79,"column":0},"end":{"line":79,"column":37}},"79":{"start":{"line":80,"column":0},"end":{"line":80,"column":11}},"80":{"start":{"line":81,"column":0},"end":{"line":81,"column":22}},"81":{"start":{"line":82,"column":0},"end":{"line":82,"column":19}},"82":{"start":{"line":83,"column":0},"end":{"line":83,"column":10}},"83":{"start":{"line":84,"column":0},"end":{"line":84,"column":0}},"84":{"start":{"line":85,"column":0},"end":{"line":85,"column":72}},"85":{"start":{"line":86,"column":0},"end":{"line":86,"column":32}},"86":{"start":{"line":87,"column":0},"end":{"line":87,"column":121}},"87":{"start":{"line":88,"column":0},"end":{"line":88,"column":76}},"88":{"start":{"line":89,"column":0},"end":{"line":89,"column":18}},"89":{"start":{"line":90,"column":0},"end":{"line":90,"column":25}},"90":{"start":{"line":91,"column":0},"end":{"line":91,"column":81}},"91":{"start":{"line":92,"column":0},"end":{"line":92,"column":49}},"92":{"start":{"line":93,"column":0},"end":{"line":93,"column":18}},"93":{"start":{"line":94,"column":0},"end":{"line":94,"column":15}},"94":{"start":{"line":95,"column":0},"end":{"line":95,"column":14}},"95":{"start":{"line":96,"column":0},"end":{"line":96,"column":48}},"96":{"start":{"line":97,"column":0},"end":{"line":97,"column":53}},"97":{"start":{"line":98,"column":0},"end":{"line":98,"column":86}},"98":{"start":{"line":99,"column":0},"end":{"line":99,"column":16}},"99":{"start":{"line":100,"column":0},"end":{"line":100,"column":14}},"100":{"start":{"line":101,"column":0},"end":{"line":101,"column":49}},"101":{"start":{"line":102,"column":0},"end":{"line":102,"column":46}},"102":{"start":{"line":103,"column":0},"end":{"line":103,"column":27}},"103":{"start":{"line":104,"column":0},"end":{"line":104,"column":31}},"104":{"start":{"line":105,"column":0},"end":{"line":105,"column":45}},"105":{"start":{"line":106,"column":0},"end":{"line":106,"column":49}},"106":{"start":{"line":107,"column":0},"end":{"line":107,"column":55}},"107":{"start":{"line":108,"column":0},"end":{"line":108,"column":20}},"108":{"start":{"line":109,"column":0},"end":{"line":109,"column":18}},"109":{"start":{"line":110,"column":0},"end":{"line":110,"column":61}},"110":{"start":{"line":111,"column":0},"end":{"line":111,"column":65}},"111":{"start":{"line":112,"column":0},"end":{"line":112,"column":90}},"112":{"start":{"line":113,"column":0},"end":{"line":113,"column":20}},"113":{"start":{"line":114,"column":0},"end":{"line":114,"column":33}},"114":{"start":{"line":115,"column":0},"end":{"line":115,"column":17}},"115":{"start":{"line":116,"column":0},"end":{"line":116,"column":15}},"116":{"start":{"line":117,"column":0},"end":{"line":117,"column":12}},"117":{"start":{"line":118,"column":0},"end":{"line":118,"column":14}},"118":{"start":{"line":119,"column":0},"end":{"line":119,"column":12}},"119":{"start":{"line":120,"column":0},"end":{"line":120,"column":0}},"120":{"start":{"line":121,"column":0},"end":{"line":121,"column":24}},"121":{"start":{"line":122,"column":0},"end":{"line":122,"column":22}},"122":{"start":{"line":123,"column":0},"end":{"line":123,"column":38}},"123":{"start":{"line":124,"column":0},"end":{"line":124,"column":55}},"124":{"start":{"line":125,"column":0},"end":{"line":125,"column":10}},"125":{"start":{"line":126,"column":0},"end":{"line":126,"column":8}},"126":{"start":{"line":127,"column":0},"end":{"line":127,"column":7}},"127":{"start":{"line":128,"column":0},"end":{"line":128,"column":4}},"128":{"start":{"line":129,"column":0},"end":{"line":129,"column":3}}},"s":{"0":1,"1":1,"2":1,"3":1,"4":1,"5":1,"6":1,"7":1,"8":1,"9":1,"10":1,"11":1,"12":1,"13":1,"14":1,"15":1,"16":1,"17":1,"18":1,"19":1,"20":1,"21":1,"22":1,"23":1,"24":1,"25":1,"26":1,"27":1,"28":1,"29":1,"30":1,"31":1,"32":1,"33":1,"34":90,"35":90,"36":90,"37":90,"38":90,"39":90,"40":90,"41":90,"42":90,"43":90,"44":90,"45":71,"46":71,"47":71,"48":90,"49":90,"50":90,"51":90,"52":90,"53":90,"54":90,"55":90,"56":90,"57":90,"58":90,"59":90,"60":90,"61":90,"62":90,"63":3,"64":84,"65":90,"66":90,"67":90,"68":90,"69":90,"70":90,"71":90,"72":90,"73":40,"74":40,"75":40,"76":40,"77":40,"78":40,"79":40,"80":40,"81":40,"82":90,"83":90,"84":90,"85":90,"86":1,"87":1,"88":1,"89":86,"90":65,"91":65,"92":65,"93":21,"94":21,"95":21,"96":21,"97":0,"98":21,"99":21,"100":21,"101":31,"102":31,"103":31,"104":31,"105":31,"106":31,"107":31,"108":31,"109":31,"110":31,"111":2,"112":31,"113":31,"114":21,"115":21,"116":90,"117":90,"118":90,"119":90,"120":90,"121":40,"122":40,"123":40,"124":40,"125":90,"126":90,"127":90,"128":90},"branchMap":{"0":{"type":"branch","line":34,"loc":{"start":{"line":34,"column":33},"end":{"line":129,"column":3}},"locations":[{"start":{"line":34,"column":33},"end":{"line":129,"column":3}}]},"1":{"type":"branch","line":56,"loc":{"start":{"line":56,"column":28},"end":{"line":56,"column":53}},"locations":[{"start":{"line":56,"column":28},"end":{"line":56,"column":53}}]},"2":{"type":"branch","line":56,"loc":{"start":{"line":56,"column":39},"end":{"line":56,"column":76}},"locations":[{"start":{"line":56,"column":39},"end":{"line":56,"column":76}}]},"3":{"type":"branch","line":63,"loc":{"start":{"line":63,"column":10},"end":{"line":64,"column":43}},"locations":[{"start":{"line":63,"column":10},"end":{"line":64,"column":43}}]},"4":{"type":"branch","line":64,"loc":{"start":{"line":64,"column":14},"end":{"line":65,"column":31}},"locations":[{"start":{"line":64,"column":14},"end":{"line":65,"column":31}}]},"5":{"type":"branch","line":69,"loc":{"start":{"line":69,"column":94},"end":{"line":69,"column":107}},"locations":[{"start":{"line":69,"column":94},"end":{"line":69,"column":107}}]},"6":{"type":"branch","line":69,"loc":{"start":{"line":69,"column":98},"end":{"line":69,"column":114}},"locations":[{"start":{"line":69,"column":98},"end":{"line":69,"column":114}}]},"7":{"type":"branch","line":73,"loc":{"start":{"line":73,"column":9},"end":{"line":82,"column":19}},"locations":[{"start":{"line":73,"column":9},"end":{"line":82,"column":19}}]},"8":{"type":"branch","line":86,"loc":{"start":{"line":86,"column":11},"end":{"line":89,"column":18}},"locations":[{"start":{"line":86,"column":11},"end":{"line":89,"column":18}}]},"9":{"type":"branch","line":89,"loc":{"start":{"line":89,"column":12},"end":{"line":116,"column":15}},"locations":[{"start":{"line":89,"column":12},"end":{"line":116,"column":15}}]},"10":{"type":"branch","line":90,"loc":{"start":{"line":90,"column":14},"end":{"line":93,"column":18}},"locations":[{"start":{"line":90,"column":14},"end":{"line":93,"column":18}}]},"11":{"type":"branch","line":93,"loc":{"start":{"line":93,"column":12},"end":{"line":116,"column":15}},"locations":[{"start":{"line":93,"column":12},"end":{"line":116,"column":15}}]},"12":{"type":"branch","line":97,"loc":{"start":{"line":97,"column":15},"end":{"line":97,"column":53}},"locations":[{"start":{"line":97,"column":15},"end":{"line":97,"column":53}}]},"13":{"type":"branch","line":97,"loc":{"start":{"line":97,"column":47},"end":{"line":98,"column":86}},"locations":[{"start":{"line":97,"column":47},"end":{"line":98,"column":86}}]},"14":{"type":"branch","line":121,"loc":{"start":{"line":121,"column":7},"end":{"line":125,"column":10}},"locations":[{"start":{"line":121,"column":7},"end":{"line":125,"column":10}}]},"15":{"type":"branch","line":45,"loc":{"start":{"line":45,"column":30},"end":{"line":49,"column":5}},"locations":[{"start":{"line":45,"column":30},"end":{"line":49,"column":5}}]},"16":{"type":"branch","line":47,"loc":{"start":{"line":47,"column":14},"end":{"line":47,"column":50}},"locations":[{"start":{"line":47,"column":14},"end":{"line":47,"column":50}}]},"17":{"type":"branch","line":48,"loc":{"start":{"line":48,"column":12},"end":{"line":48,"column":39}},"locations":[{"start":{"line":48,"column":12},"end":{"line":48,"column":39}}]},"18":{"type":"branch","line":76,"loc":{"start":{"line":76,"column":21},"end":{"line":76,"column":56}},"locations":[{"start":{"line":76,"column":21},"end":{"line":76,"column":56}}]},"19":{"type":"branch","line":101,"loc":{"start":{"line":101,"column":31},"end":{"line":114,"column":33}},"locations":[{"start":{"line":101,"column":31},"end":{"line":114,"column":33}}]},"20":{"type":"branch","line":111,"loc":{"start":{"line":111,"column":19},"end":{"line":111,"column":65}},"locations":[{"start":{"line":111,"column":19},"end":{"line":111,"column":65}}]},"21":{"type":"branch","line":111,"loc":{"start":{"line":111,"column":59},"end":{"line":112,"column":90}},"locations":[{"start":{"line":111,"column":59},"end":{"line":112,"column":90}}]},"22":{"type":"branch","line":124,"loc":{"start":{"line":124,"column":19},"end":{"line":124,"column":55}},"locations":[{"start":{"line":124,"column":19},"end":{"line":124,"column":55}}]}},"b":{"0":[90],"1":[66],"2":[1],"3":[3],"4":[84],"5":[12],"6":[75],"7":[40],"8":[1],"9":[86],"10":[65],"11":[21],"12":[2],"13":[0],"14":[40],"15":[71],"16":[60],"17":[11],"18":[10],"19":[31],"20":[4],"21":[2],"22":[8]},"fnMap":{"0":{"name":"Column2","decl":{"start":{"line":34,"column":33},"end":{"line":129,"column":3}},"loc":{"start":{"line":34,"column":33},"end":{"line":129,"column":3}},"line":34},"1":{"name":"onClick","decl":{"start":{"line":76,"column":21},"end":{"line":76,"column":56}},"loc":{"start":{"line":76,"column":21},"end":{"line":76,"column":56}},"line":76},"2":{"name":"onClose","decl":{"start":{"line":124,"column":19},"end":{"line":124,"column":55}},"loc":{"start":{"line":124,"column":19},"end":{"line":124,"column":55}},"line":124}},"f":{"0":90,"1":10,"2":8}}
,"/Users/sachinsh/Desktop/workplace-demo/flowboard/src/components/ColumnHeader.tsx": {"path":"/Users/sachinsh/Desktop/workplace-demo/flowboard/src/components/ColumnHeader.tsx","all":false,"statementMap":{"0":{"start":{"line":1,"column":0},"end":{"line":1,"column":26}},"1":{"start":{"line":2,"column":0},"end":{"line":2,"column":38}},"2":{"start":{"line":3,"column":0},"end":{"line":3,"column":0}},"3":{"start":{"line":4,"column":0},"end":{"line":4,"column":3}},"4":{"start":{"line":5,"column":0},"end":{"line":5,"column":21}},"5":{"start":{"line":6,"column":0},"end":{"line":6,"column":3}},"6":{"start":{"line":7,"column":0},"end":{"line":7,"column":29}},"7":{"start":{"line":8,"column":0},"end":{"line":8,"column":25}},"8":{"start":{"line":9,"column":0},"end":{"line":9,"column":1}},"9":{"start":{"line":10,"column":0},"end":{"line":10,"column":0}},"10":{"start":{"line":11,"column":0},"end":{"line":11,"column":3}},"11":{"start":{"line":12,"column":0},"end":{"line":12,"column":25}},"12":{"start":{"line":13,"column":0},"end":{"line":13,"column":3}},"13":{"start":{"line":14,"column":0},"end":{"line":14,"column":56}},"14":{"start":{"line":15,"column":0},"end":{"line":15,"column":3}},"15":{"start":{"line":16,"column":0},"end":{"line":16,"column":67}},"16":{"start":{"line":17,"column":0},"end":{"line":17,"column":3}},"17":{"start":{"line":18,"column":0},"end":{"line":18,"column":65}},"18":{"start":{"line":19,"column":0},"end":{"line":19,"column":56}},"19":{"start":{"line":20,"column":0},"end":{"line":20,"column":19}},"20":{"start":{"line":21,"column":0},"end":{"line":21,"column":27}},"21":{"start":{"line":22,"column":0},"end":{"line":22,"column":23}},"22":{"start":{"line":23,"column":0},"end":{"line":23,"column":34}},"23":{"start":{"line":24,"column":0},"end":{"line":24,"column":29}},"24":{"start":{"line":25,"column":0},"end":{"line":25,"column":27}},"25":{"start":{"line":26,"column":0},"end":{"line":26,"column":22}},"26":{"start":{"line":27,"column":0},"end":{"line":27,"column":14}},"27":{"start":{"line":28,"column":0},"end":{"line":28,"column":18}},"28":{"start":{"line":29,"column":0},"end":{"line":29,"column":5}},"29":{"start":{"line":30,"column":0},"end":{"line":30,"column":4}},"30":{"start":{"line":31,"column":0},"end":{"line":31,"column":0}},"31":{"start":{"line":32,"column":0},"end":{"line":32,"column":10}},"32":{"start":{"line":33,"column":0},"end":{"line":33,"column":110}},"33":{"start":{"line":34,"column":0},"end":{"line":34,"column":34}},"34":{"start":{"line":35,"column":0},"end":{"line":35,"column":9}},"35":{"start":{"line":36,"column":0},"end":{"line":36,"column":4}},"36":{"start":{"line":37,"column":0},"end":{"line":37,"column":1}}},"s":{"0":1,"1":1,"2":1,"3":1,"4":1,"5":1,"6":1,"7":1,"8":1,"9":1,"10":1,"11":1,"12":1,"13":1,"14":1,"15":1,"16":1,"17":1,"18":91,"19":91,"20":91,"21":42,"22":91,"23":24,"24":91,"25":25,"26":91,"27":0,"28":91,"29":91,"30":91,"31":91,"32":91,"33":91,"34":91,"35":91,"36":91},"branchMap":{"0":{"type":"branch","line":18,"loc":{"start":{"line":18,"column":7},"end":{"line":37,"column":1}},"locations":[{"start":{"line":18,"column":7},"end":{"line":37,"column":1}}]},"1":{"type":"branch","line":19,"loc":{"start":{"line":19,"column":25},"end":{"line":30,"column":4}},"locations":[{"start":{"line":19,"column":25},"end":{"line":30,"column":4}}]},"2":{"type":"branch","line":21,"loc":{"start":{"line":21,"column":6},"end":{"line":22,"column":23}},"locations":[{"start":{"line":21,"column":6},"end":{"line":22,"column":23}}]},"3":{"type":"branch","line":23,"loc":{"start":{"line":23,"column":6},"end":{"line":24,"column":29}},"locations":[{"start":{"line":23,"column":6},"end":{"line":24,"column":29}}]},"4":{"type":"branch","line":25,"loc":{"start":{"line":25,"column":6},"end":{"line":26,"column":22}},"locations":[{"start":{"line":25,"column":6},"end":{"line":26,"column":22}}]},"5":{"type":"branch","line":27,"loc":{"start":{"line":27,"column":6},"end":{"line":28,"column":18}},"locations":[{"start":{"line":27,"column":6},"end":{"line":28,"column":18}}]}},"b":{"0":[91],"1":[91],"2":[42],"3":[24],"4":[25],"5":[0]},"fnMap":{"0":{"name":"ColumnHeader","decl":{"start":{"line":18,"column":7},"end":{"line":37,"column":1}},"loc":{"start":{"line":18,"column":7},"end":{"line":37,"column":1}},"line":18},"1":{"name":"getColumnTitle","decl":{"start":{"line":19,"column":25},"end":{"line":30,"column":4}},"loc":{"start":{"line":19,"column":25},"end":{"line":30,"column":4}},"line":19}},"f":{"0":91,"1":91}}
,"/Users/sachinsh/Desktop/workplace-demo/flowboard/src/components/DeleteConfirmationDialog.tsx": {"path":"/Users/sachinsh/Desktop/workplace-demo/flowboard/src/components/DeleteConfirmationDialog.tsx","all":false,"statementMap":{"0":{"start":{"line":1,"column":0},"end":{"line":1,"column":49}},"1":{"start":{"line":2,"column":0},"end":{"line":2,"column":41}},"2":{"start":{"line":3,"column":0},"end":{"line":3,"column":53}},"3":{"start":{"line":4,"column":0},"end":{"line":4,"column":0}},"4":{"start":{"line":5,"column":0},"end":{"line":5,"column":3}},"5":{"start":{"line":6,"column":0},"end":{"line":6,"column":33}},"6":{"start":{"line":7,"column":0},"end":{"line":7,"column":3}},"7":{"start":{"line":8,"column":0},"end":{"line":8,"column":41}},"8":{"start":{"line":9,"column":0},"end":{"line":9,"column":18}},"9":{"start":{"line":10,"column":0},"end":{"line":10,"column":20}},"10":{"start":{"line":11,"column":0},"end":{"line":11,"column":24}},"11":{"start":{"line":12,"column":0},"end":{"line":12,"column":23}},"12":{"start":{"line":13,"column":0},"end":{"line":13,"column":1}},"13":{"start":{"line":14,"column":0},"end":{"line":14,"column":0}},"14":{"start":{"line":15,"column":0},"end":{"line":15,"column":3}},"15":{"start":{"line":16,"column":0},"end":{"line":16,"column":37}},"16":{"start":{"line":17,"column":0},"end":{"line":17,"column":3}},"17":{"start":{"line":18,"column":0},"end":{"line":18,"column":53}},"18":{"start":{"line":19,"column":0},"end":{"line":19,"column":31}},"19":{"start":{"line":20,"column":0},"end":{"line":20,"column":3}},"20":{"start":{"line":21,"column":0},"end":{"line":21,"column":45}},"21":{"start":{"line":22,"column":0},"end":{"line":22,"column":49}},"22":{"start":{"line":23,"column":0},"end":{"line":23,"column":58}},"23":{"start":{"line":24,"column":0},"end":{"line":24,"column":47}},"24":{"start":{"line":25,"column":0},"end":{"line":25,"column":3}},"25":{"start":{"line":26,"column":0},"end":{"line":26,"column":42}},"26":{"start":{"line":27,"column":0},"end":{"line":27,"column":9}},"27":{"start":{"line":28,"column":0},"end":{"line":28,"column":12}},"28":{"start":{"line":29,"column":0},"end":{"line":29,"column":12}},"29":{"start":{"line":30,"column":0},"end":{"line":30,"column":11}},"30":{"start":{"line":31,"column":0},"end":{"line":31,"column":35}},"31":{"start":{"line":32,"column":0},"end":{"line":32,"column":49}},"32":{"start":{"line":33,"column":0},"end":{"line":33,"column":58}},"33":{"start":{"line":34,"column":0},"end":{"line":34,"column":0}},"34":{"start":{"line":35,"column":0},"end":{"line":35,"column":25}},"35":{"start":{"line":36,"column":0},"end":{"line":36,"column":34}},"36":{"start":{"line":37,"column":0},"end":{"line":37,"column":0}},"37":{"start":{"line":38,"column":0},"end":{"line":38,"column":42}},"38":{"start":{"line":39,"column":0},"end":{"line":39,"column":19}},"39":{"start":{"line":40,"column":0},"end":{"line":40,"column":44}},"40":{"start":{"line":41,"column":0},"end":{"line":41,"column":24}},"41":{"start":{"line":42,"column":0},"end":{"line":42,"column":41}},"42":{"start":{"line":43,"column":0},"end":{"line":43,"column":12}},"43":{"start":{"line":44,"column":0},"end":{"line":44,"column":5}},"44":{"start":{"line":45,"column":0},"end":{"line":45,"column":15}},"45":{"start":{"line":46,"column":0},"end":{"line":46,"column":0}},"46":{"start":{"line":47,"column":0},"end":{"line":47,"column":22}},"47":{"start":{"line":48,"column":0},"end":{"line":48,"column":19}},"48":{"start":{"line":49,"column":0},"end":{"line":49,"column":48}},"49":{"start":{"line":50,"column":0},"end":{"line":50,"column":41}},"50":{"start":{"line":51,"column":0},"end":{"line":51,"column":19}},"51":{"start":{"line":52,"column":0},"end":{"line":52,"column":7}},"52":{"start":{"line":53,"column":0},"end":{"line":53,"column":6}},"53":{"start":{"line":54,"column":0},"end":{"line":54,"column":0}},"54":{"start":{"line":55,"column":0},"end":{"line":55,"column":55}},"55":{"start":{"line":56,"column":0},"end":{"line":56,"column":71}},"56":{"start":{"line":57,"column":0},"end":{"line":57,"column":25}},"57":{"start":{"line":58,"column":0},"end":{"line":58,"column":0}},"58":{"start":{"line":59,"column":0},"end":{"line":59,"column":56}},"59":{"start":{"line":60,"column":0},"end":{"line":60,"column":39}},"60":{"start":{"line":61,"column":0},"end":{"line":61,"column":17}},"61":{"start":{"line":62,"column":0},"end":{"line":62,"column":5}},"62":{"start":{"line":63,"column":0},"end":{"line":63,"column":4}},"63":{"start":{"line":64,"column":0},"end":{"line":64,"column":0}},"64":{"start":{"line":65,"column":0},"end":{"line":65,"column":27}},"65":{"start":{"line":66,"column":0},"end":{"line":66,"column":0}},"66":{"start":{"line":67,"column":0},"end":{"line":67,"column":22}},"67":{"start":{"line":68,"column":0},"end":{"line":68,"column":8}},"68":{"start":{"line":69,"column":0},"end":{"line":69,"column":106}},"69":{"start":{"line":70,"column":0},"end":{"line":70,"column":35}},"70":{"start":{"line":71,"column":0},"end":{"line":71,"column":19}},"71":{"start":{"line":72,"column":0},"end":{"line":72,"column":23}},"72":{"start":{"line":73,"column":0},"end":{"line":73,"column":56}},"73":{"start":{"line":74,"column":0},"end":{"line":74,"column":5}},"74":{"start":{"line":75,"column":0},"end":{"line":75,"column":10}},"75":{"start":{"line":76,"column":0},"end":{"line":76,"column":23}},"76":{"start":{"line":77,"column":0},"end":{"line":77,"column":88}},"77":{"start":{"line":78,"column":0},"end":{"line":78,"column":7}},"78":{"start":{"line":79,"column":0},"end":{"line":79,"column":103}},"79":{"start":{"line":80,"column":0},"end":{"line":80,"column":21}},"80":{"start":{"line":81,"column":0},"end":{"line":81,"column":13}},"81":{"start":{"line":82,"column":0},"end":{"line":82,"column":8}},"82":{"start":{"line":83,"column":0},"end":{"line":83,"column":42}},"83":{"start":{"line":84,"column":0},"end":{"line":84,"column":96}},"84":{"start":{"line":85,"column":0},"end":{"line":85,"column":12}},"85":{"start":{"line":86,"column":0},"end":{"line":86,"column":0}},"86":{"start":{"line":87,"column":0},"end":{"line":87,"column":48}},"87":{"start":{"line":88,"column":0},"end":{"line":88,"column":17}},"88":{"start":{"line":89,"column":0},"end":{"line":89,"column":33}},"89":{"start":{"line":90,"column":0},"end":{"line":90,"column":25}},"90":{"start":{"line":91,"column":0},"end":{"line":91,"column":30}},"91":{"start":{"line":92,"column":0},"end":{"line":92,"column":92}},"92":{"start":{"line":93,"column":0},"end":{"line":93,"column":51}},"93":{"start":{"line":94,"column":0},"end":{"line":94,"column":40}},"94":{"start":{"line":95,"column":0},"end":{"line":95,"column":11}},"95":{"start":{"line":96,"column":0},"end":{"line":96,"column":18}},"96":{"start":{"line":97,"column":0},"end":{"line":97,"column":19}},"97":{"start":{"line":98,"column":0},"end":{"line":98,"column":17}},"98":{"start":{"line":99,"column":0},"end":{"line":99,"column":25}},"99":{"start":{"line":100,"column":0},"end":{"line":100,"column":31}},"100":{"start":{"line":101,"column":0},"end":{"line":101,"column":135}},"101":{"start":{"line":102,"column":0},"end":{"line":102,"column":52}},"102":{"start":{"line":103,"column":0},"end":{"line":103,"column":65}},"103":{"start":{"line":104,"column":0},"end":{"line":104,"column":11}},"104":{"start":{"line":105,"column":0},"end":{"line":105,"column":18}},"105":{"start":{"line":106,"column":0},"end":{"line":106,"column":19}},"106":{"start":{"line":107,"column":0},"end":{"line":107,"column":14}},"107":{"start":{"line":108,"column":0},"end":{"line":108,"column":12}},"108":{"start":{"line":109,"column":0},"end":{"line":109,"column":11}},"109":{"start":{"line":110,"column":0},"end":{"line":110,"column":17}},"110":{"start":{"line":111,"column":0},"end":{"line":111,"column":4}},"111":{"start":{"line":112,"column":0},"end":{"line":112,"column":1}}},"s":{"0":1,"1":1,"2":1,"3":1,"4":1,"5":1,"6":1,"7":1,"8":1,"9":1,"10":1,"11":1,"12":1,"13":1,"14":1,"15":1,"16":1,"17":1,"18":1,"19":1,"20":1,"21":1,"22":1,"23":1,"24":1,"25":1,"26":149,"27":149,"28":149,"29":149,"30":149,"31":149,"32":149,"33":149,"34":149,"35":149,"36":149,"37":149,"38":149,"39":67,"40":13,"41":13,"42":13,"43":13,"44":149,"45":149,"46":149,"47":149,"48":149,"49":8,"50":1,"51":1,"52":8,"53":149,"54":149,"55":149,"56":149,"57":149,"58":149,"59":6,"60":1,"61":1,"62":6,"63":149,"64":149,"65":14,"66":14,"67":14,"68":14,"69":14,"70":14,"71":14,"72":14,"73":14,"74":14,"75":14,"76":14,"77":14,"78":14,"79":14,"80":14,"81":14,"82":14,"83":14,"84":14,"85":14,"86":14,"87":14,"88":14,"89":14,"90":14,"91":14,"92":14,"93":14,"94":14,"95":14,"96":14,"97":14,"98":14,"99":14,"100":14,"101":14,"102":14,"103":14,"104":14,"105":14,"106":14,"107":14,"108":14,"109":14,"110":14,"111":14},"branchMap":{"0":{"type":"branch","line":26,"loc":{"start":{"line":26,"column":7},"end":{"line":112,"column":1}},"locations":[{"start":{"line":26,"column":7},"end":{"line":112,"column":1}}]},"1":{"type":"branch","line":65,"loc":{"start":{"line":65,"column":15},"end":{"line":65,"column":27}},"locations":[{"start":{"line":65,"column":15},"end":{"line":65,"column":27}}]},"2":{"type":"branch","line":65,"loc":{"start":{"line":65,"column":22},"end":{"line":112,"column":1}},"locations":[{"start":{"line":65,"column":22},"end":{"line":112,"column":1}}]},"3":{"type":"branch","line":39,"loc":{"start":{"line":39,"column":12},"end":{"line":45,"column":5}},"locations":[{"start":{"line":39,"column":12},"end":{"line":45,"column":5}}]},"4":{"type":"branch","line":40,"loc":{"start":{"line":40,"column":8},"end":{"line":40,"column":43}},"locations":[{"start":{"line":40,"column":8},"end":{"line":40,"column":43}}]},"5":{"type":"branch","line":40,"loc":{"start":{"line":40,"column":43},"end":{"line":44,"column":5}},"locations":[{"start":{"line":40,"column":43},"end":{"line":44,"column":5}}]},"6":{"type":"branch","line":41,"loc":{"start":{"line":41,"column":17},"end":{"line":43,"column":9}},"locations":[{"start":{"line":41,"column":17},"end":{"line":43,"column":9}}]},"7":{"type":"branch","line":42,"loc":{"start":{"line":42,"column":24},"end":{"line":42,"column":39}},"locations":[{"start":{"line":42,"column":24},"end":{"line":42,"column":39}}]},"8":{"type":"branch","line":48,"loc":{"start":{"line":48,"column":12},"end":{"line":57,"column":5}},"locations":[{"start":{"line":48,"column":12},"end":{"line":57,"column":5}}]},"9":{"type":"branch","line":49,"loc":{"start":{"line":49,"column":25},"end":{"line":53,"column":6}},"locations":[{"start":{"line":49,"column":25},"end":{"line":53,"column":6}}]},"10":{"type":"branch","line":50,"loc":{"start":{"line":50,"column":20},"end":{"line":50,"column":40}},"locations":[{"start":{"line":50,"column":20},"end":{"line":50,"column":40}}]},"11":{"type":"branch","line":50,"loc":{"start":{"line":50,"column":40},"end":{"line":52,"column":7}},"locations":[{"start":{"line":50,"column":40},"end":{"line":52,"column":7}}]},"12":{"type":"branch","line":56,"loc":{"start":{"line":56,"column":11},"end":{"line":56,"column":71}},"locations":[{"start":{"line":56,"column":11},"end":{"line":56,"column":71}}]},"13":{"type":"branch","line":59,"loc":{"start":{"line":59,"column":30},"end":{"line":63,"column":4}},"locations":[{"start":{"line":59,"column":30},"end":{"line":63,"column":4}}]},"14":{"type":"branch","line":60,"loc":{"start":{"line":60,"column":38},"end":{"line":62,"column":5}},"locations":[{"start":{"line":60,"column":38},"end":{"line":62,"column":5}}]}},"b":{"0":[149],"1":[135],"2":[14],"3":[67],"4":[13],"5":[13],"6":[13],"7":[9],"8":[149],"9":[8],"10":[2],"11":[1],"12":[149],"13":[6],"14":[1]},"fnMap":{"0":{"name":"DeleteConfirmationDialog","decl":{"start":{"line":26,"column":7},"end":{"line":112,"column":1}},"loc":{"start":{"line":26,"column":7},"end":{"line":112,"column":1}},"line":26},"1":{"name":"handleEscape","decl":{"start":{"line":49,"column":25},"end":{"line":53,"column":6}},"loc":{"start":{"line":49,"column":25},"end":{"line":53,"column":6}},"line":49},"2":{"name":"handleBackdropClick","decl":{"start":{"line":59,"column":30},"end":{"line":63,"column":4}},"loc":{"start":{"line":59,"column":30},"end":{"line":63,"column":4}},"line":59}},"f":{"0":149,"1":8,"2":6}}
,"/Users/sachinsh/Desktop/workplace-demo/flowboard/src/components/FilterDropdown.tsx": {"path":"/Users/sachinsh/Desktop/workplace-demo/flowboard/src/components/FilterDropdown.tsx","all":false,"statementMap":{"0":{"start":{"line":1,"column":0},"end":{"line":1,"column":59}},"1":{"start":{"line":2,"column":0},"end":{"line":2,"column":38}},"2":{"start":{"line":3,"column":0},"end":{"line":3,"column":59}},"3":{"start":{"line":4,"column":0},"end":{"line":4,"column":60}},"4":{"start":{"line":5,"column":0},"end":{"line":5,"column":40}},"5":{"start":{"line":6,"column":0},"end":{"line":6,"column":0}},"6":{"start":{"line":7,"column":0},"end":{"line":7,"column":3}},"7":{"start":{"line":8,"column":0},"end":{"line":8,"column":23}},"8":{"start":{"line":9,"column":0},"end":{"line":9,"column":3}},"9":{"start":{"line":10,"column":0},"end":{"line":10,"column":31}},"10":{"start":{"line":11,"column":0},"end":{"line":11,"column":36}},"11":{"start":{"line":12,"column":0},"end":{"line":12,"column":55}},"12":{"start":{"line":13,"column":0},"end":{"line":13,"column":1}},"13":{"start":{"line":14,"column":0},"end":{"line":14,"column":0}},"14":{"start":{"line":15,"column":0},"end":{"line":15,"column":3}},"15":{"start":{"line":16,"column":0},"end":{"line":16,"column":27}},"16":{"start":{"line":17,"column":0},"end":{"line":17,"column":3}},"17":{"start":{"line":18,"column":0},"end":{"line":18,"column":48}},"18":{"start":{"line":19,"column":0},"end":{"line":19,"column":63}},"19":{"start":{"line":20,"column":0},"end":{"line":20,"column":44}},"20":{"start":{"line":21,"column":0},"end":{"line":21,"column":3}},"21":{"start":{"line":22,"column":0},"end":{"line":22,"column":51}},"22":{"start":{"line":23,"column":0},"end":{"line":23,"column":55}},"23":{"start":{"line":24,"column":0},"end":{"line":24,"column":3}},"24":{"start":{"line":25,"column":0},"end":{"line":25,"column":88}},"25":{"start":{"line":26,"column":0},"end":{"line":26,"column":46}},"26":{"start":{"line":27,"column":0},"end":{"line":27,"column":51}},"27":{"start":{"line":28,"column":0},"end":{"line":28,"column":52}},"28":{"start":{"line":29,"column":0},"end":{"line":29,"column":0}},"29":{"start":{"line":30,"column":0},"end":{"line":30,"column":36}},"30":{"start":{"line":31,"column":0},"end":{"line":31,"column":19}},"31":{"start":{"line":32,"column":0},"end":{"line":32,"column":51}},"32":{"start":{"line":33,"column":0},"end":{"line":33,"column":10}},"33":{"start":{"line":34,"column":0},"end":{"line":34,"column":17}},"34":{"start":{"line":35,"column":0},"end":{"line":35,"column":30}},"35":{"start":{"line":36,"column":0},"end":{"line":36,"column":58}},"36":{"start":{"line":37,"column":0},"end":{"line":37,"column":28}},"37":{"start":{"line":38,"column":0},"end":{"line":38,"column":53}},"38":{"start":{"line":39,"column":0},"end":{"line":39,"column":9}},"39":{"start":{"line":40,"column":0},"end":{"line":40,"column":25}},"40":{"start":{"line":41,"column":0},"end":{"line":41,"column":7}},"41":{"start":{"line":42,"column":0},"end":{"line":42,"column":6}},"42":{"start":{"line":43,"column":0},"end":{"line":43,"column":0}},"43":{"start":{"line":44,"column":0},"end":{"line":44,"column":17}},"44":{"start":{"line":45,"column":0},"end":{"line":45,"column":65}},"45":{"start":{"line":46,"column":0},"end":{"line":46,"column":81}},"46":{"start":{"line":47,"column":0},"end":{"line":47,"column":5}},"47":{"start":{"line":48,"column":0},"end":{"line":48,"column":15}},"48":{"start":{"line":49,"column":0},"end":{"line":49,"column":0}},"49":{"start":{"line":50,"column":0},"end":{"line":50,"column":22}},"50":{"start":{"line":51,"column":0},"end":{"line":51,"column":19}},"51":{"start":{"line":52,"column":0},"end":{"line":52,"column":48}},"52":{"start":{"line":53,"column":0},"end":{"line":53,"column":41}},"53":{"start":{"line":54,"column":0},"end":{"line":54,"column":25}},"54":{"start":{"line":55,"column":0},"end":{"line":55,"column":7}},"55":{"start":{"line":56,"column":0},"end":{"line":56,"column":6}},"56":{"start":{"line":57,"column":0},"end":{"line":57,"column":0}},"57":{"start":{"line":58,"column":0},"end":{"line":58,"column":17}},"58":{"start":{"line":59,"column":0},"end":{"line":59,"column":57}},"59":{"start":{"line":60,"column":0},"end":{"line":60,"column":73}},"60":{"start":{"line":61,"column":0},"end":{"line":61,"column":5}},"61":{"start":{"line":62,"column":0},"end":{"line":62,"column":15}},"62":{"start":{"line":63,"column":0},"end":{"line":63,"column":0}},"63":{"start":{"line":64,"column":0},"end":{"line":64,"column":30}},"64":{"start":{"line":65,"column":0},"end":{"line":65,"column":23}},"65":{"start":{"line":66,"column":0},"end":{"line":66,"column":4}},"66":{"start":{"line":67,"column":0},"end":{"line":67,"column":0}},"67":{"start":{"line":68,"column":0},"end":{"line":68,"column":56}},"68":{"start":{"line":69,"column":0},"end":{"line":69,"column":27}},"69":{"start":{"line":70,"column":0},"end":{"line":70,"column":21}},"70":{"start":{"line":71,"column":0},"end":{"line":71,"column":4}},"71":{"start":{"line":72,"column":0},"end":{"line":72,"column":0}},"72":{"start":{"line":73,"column":0},"end":{"line":73,"column":72}},"73":{"start":{"line":74,"column":0},"end":{"line":74,"column":27}},"74":{"start":{"line":75,"column":0},"end":{"line":75,"column":27}},"75":{"start":{"line":76,"column":0},"end":{"line":76,"column":5}},"76":{"start":{"line":77,"column":0},"end":{"line":77,"column":40}},"77":{"start":{"line":78,"column":0},"end":{"line":78,"column":4}},"78":{"start":{"line":79,"column":0},"end":{"line":79,"column":0}},"79":{"start":{"line":80,"column":0},"end":{"line":80,"column":10}},"80":{"start":{"line":81,"column":0},"end":{"line":81,"column":43}},"81":{"start":{"line":82,"column":0},"end":{"line":82,"column":13}},"82":{"start":{"line":83,"column":0},"end":{"line":83,"column":23}},"83":{"start":{"line":84,"column":0},"end":{"line":84,"column":21}},"84":{"start":{"line":85,"column":0},"end":{"line":85,"column":30}},"85":{"start":{"line":86,"column":0},"end":{"line":86,"column":112}},"86":{"start":{"line":87,"column":0},"end":{"line":87,"column":43}},"87":{"start":{"line":88,"column":0},"end":{"line":88,"column":30}},"88":{"start":{"line":89,"column":0},"end":{"line":89,"column":28}},"89":{"start":{"line":90,"column":0},"end":{"line":90,"column":44}},"90":{"start":{"line":91,"column":0},"end":{"line":91,"column":7}},"91":{"start":{"line":92,"column":0},"end":{"line":92,"column":58}},"92":{"start":{"line":93,"column":0},"end":{"line":93,"column":12}},"93":{"start":{"line":94,"column":0},"end":{"line":94,"column":82}},"94":{"start":{"line":95,"column":0},"end":{"line":95,"column":21}},"95":{"start":{"line":96,"column":0},"end":{"line":96,"column":31}},"96":{"start":{"line":97,"column":0},"end":{"line":97,"column":29}},"97":{"start":{"line":98,"column":0},"end":{"line":98,"column":28}},"98":{"start":{"line":99,"column":0},"end":{"line":99,"column":9}},"99":{"start":{"line":100,"column":0},"end":{"line":100,"column":15}},"100":{"start":{"line":101,"column":0},"end":{"line":101,"column":33}},"101":{"start":{"line":102,"column":0},"end":{"line":102,"column":34}},"102":{"start":{"line":103,"column":0},"end":{"line":103,"column":27}},"103":{"start":{"line":104,"column":0},"end":{"line":104,"column":30}},"104":{"start":{"line":105,"column":0},"end":{"line":105,"column":12}},"105":{"start":{"line":106,"column":0},"end":{"line":106,"column":14}},"106":{"start":{"line":107,"column":0},"end":{"line":107,"column":15}},"107":{"start":{"line":108,"column":0},"end":{"line":108,"column":0}},"108":{"start":{"line":109,"column":0},"end":{"line":109,"column":22}},"109":{"start":{"line":110,"column":0},"end":{"line":110,"column":12}},"110":{"start":{"line":111,"column":0},"end":{"line":111,"column":27}},"111":{"start":{"line":112,"column":0},"end":{"line":112,"column":128}},"112":{"start":{"line":113,"column":0},"end":{"line":113,"column":24}},"113":{"start":{"line":114,"column":0},"end":{"line":114,"column":37}},"114":{"start":{"line":115,"column":0},"end":{"line":115,"column":9}},"115":{"start":{"line":116,"column":0},"end":{"line":116,"column":17}},"116":{"start":{"line":117,"column":0},"end":{"line":117,"column":25}},"117":{"start":{"line":118,"column":0},"end":{"line":118,"column":47}},"118":{"start":{"line":119,"column":0},"end":{"line":119,"column":151}},"119":{"start":{"line":120,"column":0},"end":{"line":120,"column":37}},"120":{"start":{"line":121,"column":0},"end":{"line":121,"column":56}},"121":{"start":{"line":122,"column":0},"end":{"line":122,"column":51}},"122":{"start":{"line":123,"column":0},"end":{"line":123,"column":15}},"123":{"start":{"line":124,"column":0},"end":{"line":124,"column":25}},"124":{"start":{"line":125,"column":0},"end":{"line":125,"column":51}},"125":{"start":{"line":126,"column":0},"end":{"line":126,"column":41}},"126":{"start":{"line":127,"column":0},"end":{"line":127,"column":43}},"127":{"start":{"line":128,"column":0},"end":{"line":128,"column":11}},"128":{"start":{"line":129,"column":0},"end":{"line":129,"column":23}},"129":{"start":{"line":130,"column":0},"end":{"line":130,"column":19}},"130":{"start":{"line":131,"column":0},"end":{"line":131,"column":0}},"131":{"start":{"line":132,"column":0},"end":{"line":132,"column":45}},"132":{"start":{"line":133,"column":0},"end":{"line":133,"column":19}},"133":{"start":{"line":134,"column":0},"end":{"line":134,"column":30}},"134":{"start":{"line":135,"column":0},"end":{"line":135,"column":27}},"135":{"start":{"line":136,"column":0},"end":{"line":136,"column":54}},"136":{"start":{"line":137,"column":0},"end":{"line":137,"column":153}},"137":{"start":{"line":138,"column":0},"end":{"line":138,"column":44}},"138":{"start":{"line":139,"column":0},"end":{"line":139,"column":58}},"139":{"start":{"line":140,"column":0},"end":{"line":140,"column":53}},"140":{"start":{"line":141,"column":0},"end":{"line":141,"column":17}},"141":{"start":{"line":142,"column":0},"end":{"line":142,"column":27}},"142":{"start":{"line":143,"column":0},"end":{"line":143,"column":58}},"143":{"start":{"line":144,"column":0},"end":{"line":144,"column":81}},"144":{"start":{"line":145,"column":0},"end":{"line":145,"column":57}},"145":{"start":{"line":146,"column":0},"end":{"line":146,"column":13}},"146":{"start":{"line":147,"column":0},"end":{"line":147,"column":48}},"147":{"start":{"line":148,"column":0},"end":{"line":148,"column":21}},"148":{"start":{"line":149,"column":0},"end":{"line":149,"column":13}},"149":{"start":{"line":150,"column":0},"end":{"line":150,"column":14}},"150":{"start":{"line":151,"column":0},"end":{"line":151,"column":8}},"151":{"start":{"line":152,"column":0},"end":{"line":152,"column":10}},"152":{"start":{"line":153,"column":0},"end":{"line":153,"column":4}},"153":{"start":{"line":154,"column":0},"end":{"line":154,"column":1}}},"s":{"0":1,"1":1,"2":1,"3":1,"4":1,"5":1,"6":1,"7":1,"8":1,"9":1,"10":1,"11":1,"12":1,"13":1,"14":1,"15":1,"16":1,"17":1,"18":1,"19":1,"20":1,"21":1,"22":1,"23":1,"24":1,"25":47,"26":47,"27":47,"28":47,"29":47,"30":47,"31":24,"32":2,"33":2,"34":2,"35":2,"36":0,"37":0,"38":2,"39":0,"40":0,"41":2,"42":24,"43":24,"44":5,"45":5,"46":5,"47":47,"48":47,"49":47,"50":47,"51":24,"52":1,"53":1,"54":1,"55":1,"56":24,"57":24,"58":5,"59":5,"60":5,"61":47,"62":47,"63":47,"64":5,"65":5,"66":47,"67":47,"68":2,"69":2,"70":2,"71":47,"72":47,"73":46,"74":44,"75":44,"76":2,"77":46,"78":47,"79":47,"80":47,"81":47,"82":47,"83":47,"84":47,"85":47,"86":47,"87":47,"88":47,"89":47,"90":47,"91":47,"92":47,"93":47,"94":47,"95":47,"96":47,"97":47,"98":47,"99":47,"100":47,"101":47,"102":47,"103":47,"104":47,"105":47,"106":47,"107":47,"108":47,"109":5,"110":5,"111":5,"112":5,"113":5,"114":5,"115":5,"116":5,"117":5,"118":5,"119":5,"120":4,"121":1,"122":5,"123":5,"124":5,"125":5,"126":5,"127":5,"128":5,"129":5,"130":5,"131":5,"132":15,"133":15,"134":15,"135":15,"136":15,"137":15,"138":1,"139":14,"140":15,"141":15,"142":15,"143":15,"144":15,"145":15,"146":15,"147":15,"148":5,"149":5,"150":47,"151":47,"152":47,"153":47},"branchMap":{"0":{"type":"branch","line":25,"loc":{"start":{"line":25,"column":7},"end":{"line":154,"column":1}},"locations":[{"start":{"line":25,"column":7},"end":{"line":154,"column":1}}]},"1":{"type":"branch","line":94,"loc":{"start":{"line":94,"column":53},"end":{"line":94,"column":77}},"locations":[{"start":{"line":94,"column":53},"end":{"line":94,"column":77}}]},"2":{"type":"branch","line":94,"loc":{"start":{"line":94,"column":62},"end":{"line":94,"column":79}},"locations":[{"start":{"line":94,"column":62},"end":{"line":94,"column":79}}]},"3":{"type":"branch","line":109,"loc":{"start":{"line":109,"column":11},"end":{"line":150,"column":14}},"locations":[{"start":{"line":109,"column":11},"end":{"line":150,"column":14}}]},"4":{"type":"branch","line":120,"loc":{"start":{"line":120,"column":32},"end":{"line":121,"column":56}},"locations":[{"start":{"line":120,"column":32},"end":{"line":121,"column":56}}]},"5":{"type":"branch","line":121,"loc":{"start":{"line":121,"column":18},"end":{"line":122,"column":51}},"locations":[{"start":{"line":121,"column":18},"end":{"line":122,"column":51}}]},"6":{"type":"branch","line":31,"loc":{"start":{"line":31,"column":12},"end":{"line":48,"column":5}},"locations":[{"start":{"line":31,"column":12},"end":{"line":48,"column":5}}]},"7":{"type":"branch","line":44,"loc":{"start":{"line":44,"column":16},"end":{"line":47,"column":5}},"locations":[{"start":{"line":44,"column":16},"end":{"line":47,"column":5}}]},"8":{"type":"branch","line":32,"loc":{"start":{"line":32,"column":31},"end":{"line":42,"column":6}},"locations":[{"start":{"line":32,"column":31},"end":{"line":42,"column":6}}]},"9":{"type":"branch","line":36,"loc":{"start":{"line":36,"column":54},"end":{"line":37,"column":28}},"locations":[{"start":{"line":36,"column":54},"end":{"line":37,"column":28}}]},"10":{"type":"branch","line":37,"loc":{"start":{"line":37,"column":18},"end":{"line":38,"column":53}},"locations":[{"start":{"line":37,"column":18},"end":{"line":38,"column":53}}]},"11":{"type":"branch","line":39,"loc":{"start":{"line":39,"column":8},"end":{"line":41,"column":7}},"locations":[{"start":{"line":39,"column":8},"end":{"line":41,"column":7}}]},"12":{"type":"branch","line":46,"loc":{"start":{"line":46,"column":13},"end":{"line":46,"column":81}},"locations":[{"start":{"line":46,"column":13},"end":{"line":46,"column":81}}]},"13":{"type":"branch","line":51,"loc":{"start":{"line":51,"column":12},"end":{"line":62,"column":5}},"locations":[{"start":{"line":51,"column":12},"end":{"line":62,"column":5}}]},"14":{"type":"branch","line":58,"loc":{"start":{"line":58,"column":16},"end":{"line":61,"column":5}},"locations":[{"start":{"line":58,"column":16},"end":{"line":61,"column":5}}]},"15":{"type":"branch","line":52,"loc":{"start":{"line":52,"column":25},"end":{"line":56,"column":6}},"locations":[{"start":{"line":52,"column":25},"end":{"line":56,"column":6}}]},"16":{"type":"branch","line":60,"loc":{"start":{"line":60,"column":13},"end":{"line":60,"column":73}},"locations":[{"start":{"line":60,"column":13},"end":{"line":60,"column":73}}]},"17":{"type":"branch","line":64,"loc":{"start":{"line":64,"column":23},"end":{"line":66,"column":4}},"locations":[{"start":{"line":64,"column":23},"end":{"line":66,"column":4}}]},"18":{"type":"branch","line":68,"loc":{"start":{"line":68,"column":23},"end":{"line":71,"column":4}},"locations":[{"start":{"line":68,"column":23},"end":{"line":71,"column":4}}]},"19":{"type":"branch","line":73,"loc":{"start":{"line":73,"column":31},"end":{"line":78,"column":4}},"locations":[{"start":{"line":73,"column":31},"end":{"line":78,"column":4}}]},"20":{"type":"branch","line":74,"loc":{"start":{"line":74,"column":26},"end":{"line":76,"column":5}},"locations":[{"start":{"line":74,"column":26},"end":{"line":76,"column":5}}]},"21":{"type":"branch","line":76,"loc":{"start":{"line":76,"column":4},"end":{"line":77,"column":40}},"locations":[{"start":{"line":76,"column":4},"end":{"line":77,"column":40}}]},"22":{"type":"branch","line":132,"loc":{"start":{"line":132,"column":28},"end":{"line":148,"column":21}},"locations":[{"start":{"line":132,"column":28},"end":{"line":148,"column":21}}]},"23":{"type":"branch","line"
[...]
ne":141,"column":27}},"141":{"start":{"line":142,"column":0},"end":{"line":142,"column":9}},"142":{"start":{"line":143,"column":0},"end":{"line":143,"column":49}},"143":{"start":{"line":144,"column":0},"end":{"line":144,"column":13}},"144":{"start":{"line":145,"column":0},"end":{"line":145,"column":36}},"145":{"start":{"line":146,"column":0},"end":{"line":146,"column":5}},"146":{"start":{"line":147,"column":0},"end":{"line":147,"column":0}},"147":{"start":{"line":148,"column":0},"end":{"line":148,"column":12}},"148":{"start":{"line":149,"column":0},"end":{"line":149,"column":21}},"149":{"start":{"line":150,"column":0},"end":{"line":150,"column":25}},"150":{"start":{"line":151,"column":0},"end":{"line":151,"column":71}},"151":{"start":{"line":152,"column":0},"end":{"line":152,"column":15}},"152":{"start":{"line":153,"column":0},"end":{"line":153,"column":6}},"153":{"start":{"line":154,"column":0},"end":{"line":154,"column":3}},"154":{"start":{"line":155,"column":0},"end":{"line":155,"column":1}},"155":{"start":{"line":156,"column":0},"end":{"line":156,"column":0}},"156":{"start":{"line":157,"column":0},"end":{"line":157,"column":3}},"157":{"start":{"line":158,"column":0},"end":{"line":158,"column":36}},"158":{"start":{"line":159,"column":0},"end":{"line":159,"column":3}},"159":{"start":{"line":160,"column":0},"end":{"line":160,"column":52}},"160":{"start":{"line":161,"column":0},"end":{"line":161,"column":7}},"161":{"start":{"line":162,"column":0},"end":{"line":162,"column":47}},"162":{"start":{"line":163,"column":0},"end":{"line":163,"column":11}},"163":{"start":{"line":164,"column":0},"end":{"line":164,"column":34}},"164":{"start":{"line":165,"column":0},"end":{"line":165,"column":3}},"165":{"start":{"line":166,"column":0},"end":{"line":166,"column":1}},"166":{"start":{"line":167,"column":0},"end":{"line":167,"column":0}},"167":{"start":{"line":168,"column":0},"end":{"line":168,"column":3}},"168":{"start":{"line":169,"column":0},"end":{"line":169,"column":30}},"169":{"start":{"line":170,"column":0},"end":{"line":170,"column":3}},"170":{"start":{"line":171,"column":0},"end":{"line":171,"column":39}},"171":{"start":{"line":172,"column":0},"end":{"line":172,"column":48}},"172":{"start":{"line":173,"column":0},"end":{"line":173,"column":3}},"173":{"start":{"line":174,"column":0},"end":{"line":174,"column":96}},"174":{"start":{"line":175,"column":0},"end":{"line":175,"column":35}},"175":{"start":{"line":176,"column":0},"end":{"line":176,"column":12}},"176":{"start":{"line":177,"column":0},"end":{"line":177,"column":21}},"177":{"start":{"line":178,"column":0},"end":{"line":178,"column":24}},"178":{"start":{"line":179,"column":0},"end":{"line":179,"column":90}},"179":{"start":{"line":180,"column":0},"end":{"line":180,"column":6}},"180":{"start":{"line":181,"column":0},"end":{"line":181,"column":3}},"181":{"start":{"line":182,"column":0},"end":{"line":182,"column":0}},"182":{"start":{"line":183,"column":0},"end":{"line":183,"column":7}},"183":{"start":{"line":184,"column":0},"end":{"line":184,"column":46}},"184":{"start":{"line":185,"column":0},"end":{"line":185,"column":57}},"185":{"start":{"line":186,"column":0},"end":{"line":186,"column":29}},"186":{"start":{"line":187,"column":0},"end":{"line":187,"column":19}},"187":{"start":{"line":188,"column":0},"end":{"line":188,"column":40}},"188":{"start":{"line":189,"column":0},"end":{"line":189,"column":48}},"189":{"start":{"line":190,"column":0},"end":{"line":190,"column":16}},"190":{"start":{"line":191,"column":0},"end":{"line":191,"column":25}},"191":{"start":{"line":192,"column":0},"end":{"line":192,"column":34}},"192":{"start":{"line":193,"column":0},"end":{"line":193,"column":67}},"193":{"start":{"line":194,"column":0},"end":{"line":194,"column":10}},"194":{"start":{"line":195,"column":0},"end":{"line":195,"column":7}},"195":{"start":{"line":196,"column":0},"end":{"line":196,"column":43}},"196":{"start":{"line":197,"column":0},"end":{"line":197,"column":16}},"197":{"start":{"line":198,"column":0},"end":{"line":198,"column":25}},"198":{"start":{"line":199,"column":0},"end":{"line":199,"column":28}},"199":{"start":{"line":200,"column":0},"end":{"line":200,"column":89}},"200":{"start":{"line":201,"column":0},"end":{"line":201,"column":10}},"201":{"start":{"line":202,"column":0},"end":{"line":202,"column":7}},"202":{"start":{"line":203,"column":0},"end":{"line":203,"column":5}},"203":{"start":{"line":204,"column":0},"end":{"line":204,"column":4}},"204":{"start":{"line":205,"column":0},"end":{"line":205,"column":12}},"205":{"start":{"line":206,"column":0},"end":{"line":206,"column":21}},"206":{"start":{"line":207,"column":0},"end":{"line":207,"column":23}},"207":{"start":{"line":208,"column":0},"end":{"line":208,"column":51}},"208":{"start":{"line":209,"column":0},"end":{"line":209,"column":6}},"209":{"start":{"line":210,"column":0},"end":{"line":210,"column":3}},"210":{"start":{"line":211,"column":0},"end":{"line":211,"column":1}},"211":{"start":{"line":212,"column":0},"end":{"line":212,"column":0}},"212":{"start":{"line":213,"column":0},"end":{"line":213,"column":3}},"213":{"start":{"line":214,"column":0},"end":{"line":214,"column":32}},"214":{"start":{"line":215,"column":0},"end":{"line":215,"column":3}},"215":{"start":{"line":216,"column":0},"end":{"line":216,"column":51}},"216":{"start":{"line":217,"column":0},"end":{"line":217,"column":3}},"217":{"start":{"line":218,"column":0},"end":{"line":218,"column":86}},"218":{"start":{"line":219,"column":0},"end":{"line":219,"column":35}},"219":{"start":{"line":220,"column":0},"end":{"line":220,"column":12}},"220":{"start":{"line":221,"column":0},"end":{"line":221,"column":21}},"221":{"start":{"line":222,"column":0},"end":{"line":222,"column":24}},"222":{"start":{"line":223,"column":0},"end":{"line":223,"column":70}},"223":{"start":{"line":224,"column":0},"end":{"line":224,"column":18}},"224":{"start":{"line":225,"column":0},"end":{"line":225,"column":6}},"225":{"start":{"line":226,"column":0},"end":{"line":226,"column":3}},"226":{"start":{"line":227,"column":0},"end":{"line":227,"column":0}},"227":{"start":{"line":228,"column":0},"end":{"line":228,"column":7}},"228":{"start":{"line":229,"column":0},"end":{"line":229,"column":64}},"229":{"start":{"line":230,"column":0},"end":{"line":230,"column":4}},"230":{"start":{"line":231,"column":0},"end":{"line":231,"column":30}},"231":{"start":{"line":232,"column":0},"end":{"line":232,"column":45}},"232":{"start":{"line":233,"column":0},"end":{"line":233,"column":14}},"233":{"start":{"line":234,"column":0},"end":{"line":234,"column":22}},"234":{"start":{"line":235,"column":0},"end":{"line":235,"column":20}},"235":{"start":{"line":236,"column":0},"end":{"line":236,"column":8}},"236":{"start":{"line":237,"column":0},"end":{"line":237,"column":5}},"237":{"start":{"line":238,"column":0},"end":{"line":238,"column":0}},"238":{"start":{"line":239,"column":0},"end":{"line":239,"column":64}},"239":{"start":{"line":240,"column":0},"end":{"line":240,"column":0}},"240":{"start":{"line":241,"column":0},"end":{"line":241,"column":28}},"241":{"start":{"line":242,"column":0},"end":{"line":242,"column":88}},"242":{"start":{"line":243,"column":0},"end":{"line":243,"column":41}},"243":{"start":{"line":244,"column":0},"end":{"line":244,"column":46}},"244":{"start":{"line":245,"column":0},"end":{"line":245,"column":5}},"245":{"start":{"line":246,"column":0},"end":{"line":246,"column":0}},"246":{"start":{"line":247,"column":0},"end":{"line":247,"column":12}},"247":{"start":{"line":248,"column":0},"end":{"line":248,"column":20}},"248":{"start":{"line":249,"column":0},"end":{"line":249,"column":19}},"249":{"start":{"line":250,"column":0},"end":{"line":250,"column":6}},"250":{"start":{"line":251,"column":0},"end":{"line":251,"column":19}},"251":{"start":{"line":252,"column":0},"end":{"line":252,"column":27}},"252":{"start":{"line":253,"column":0},"end":{"line":253,"column":9}},"253":{"start":{"line":254,"column":0},"end":{"line":254,"column":50}},"254":{"start":{"line":255,"column":0},"end":{"line":255,"column":13}},"255":{"start":{"line":256,"column":0},"end":{"line":256,"column":36}},"256":{"start":{"line":257,"column":0},"end":{"line":257,"column":5}},"257":{"start":{"line":258,"column":0},"end":{"line":258,"column":0}},"258":{"start":{"line":259,"column":0},"end":{"line":259,"column":12}},"259":{"start":{"line":260,"column":0},"end":{"line":260,"column":21}},"260":{"start":{"line":261,"column":0},"end":{"line":261,"column":25}},"261":{"start":{"line":262,"column":0},"end":{"line":262,"column":73}},"262":{"start":{"line":263,"column":0},"end":{"line":263,"column":18}},"263":{"start":{"line":264,"column":0},"end":{"line":264,"column":6}},"264":{"start":{"line":265,"column":0},"end":{"line":265,"column":3}},"265":{"start":{"line":266,"column":0},"end":{"line":266,"column":1}}},"s":{"0":1,"1":1,"2":1,"3":1,"4":1,"5":1,"6":1,"7":1,"8":1,"9":1,"10":1,"11":1,"12":1,"13":1,"14":1,"15":1,"16":1,"17":1,"18":1,"19":1,"20":1,"21":1,"22":1,"23":1,"24":1,"25":1,"26":1,"27":1,"28":1,"29":1,"30":225,"31":225,"32":225,"33":225,"34":225,"35":225,"36":225,"37":4,"38":4,"39":225,"40":1,"41":1,"42":1,"43":1,"44":1,"45":1,"46":1,"47":1,"48":10,"49":2,"50":2,"51":2,"52":2,"53":2,"54":2,"55":8,"56":8,"57":8,"58":8,"59":8,"60":10,"61":1,"62":1,"63":1,"64":1,"65":1,"66":1,"67":1,"68":1,"69":0,"70":0,"71":0,"72":0,"73":0,"74":0,"75":0,"76":1,"77":0,"78":0,"79":0,"80":0,"81":0,"82":0,"83":0,"84":10,"85":1,"86":1,"87":1,"88":1,"89":1,"90":1,"91":1,"92":107,"93":1,"94":1,"95":1,"96":1,"97":1,"98":1,"99":1,"100":106,"101":106,"102":106,"103":106,"104":107,"105":101,"106":101,"107":101,"108":101,"109":101,"110":101,"111":5,"112":5,"113":5,"114":5,"115":13,"116":1,"117":1,"118":3,"119":3,"120":3,"121":3,"122":3,"123":3,"124":3,"125":3,"126":3,"127":2,"128":3,"129":3,"130":3,"131":13,"132":1,"133":1,"134":2,"135":2,"136":2,"137":2,"138":2,"139":13,"140":3,"141":3,"142":3,"143":3,"144":0,"145":0,"146":3,"147":3,"148":3,"149":3,"150":3,"151":3,"152":3,"153":3,"154":107,"155":1,"156":1,"157":1,"158":1,"159":1,"160":2,"161":2,"162":2,"163":1,"164":1,"165":2,"166":1,"167":1,"168":1,"169":1,"170":1,"171":1,"172":1,"173":1,"174":3,"175":0,"176":0,"177":0,"178":0,"179":0,"180":0,"181":3,"182":3,"183":3,"184":3,"185":3,"186":3,"187":1,"188":1,"189":1,"190":1,"191":1,"192":1,"193":1,"194":1,"195":0,"196":0,"197":0,"198":0,"199":0,"200":0,"201":0,"202":1,"203":0,"204":0,"205":0,"206":0,"207":0,"208":0,"209":0,"210":3,"211":1,"212":1,"213":1,"214":1,"215":1,"216":1,"217":1,"218":105,"219":1,"220":1,"221":1,"222":1,"223":1,"224":1,"225":1,"226":104,"227":104,"228":104,"229":104,"230":105,"231":101,"232":101,"233":101,"234":101,"235":101,"236":101,"237":3,"238":3,"239":3,"240":3,"241":3,"242":11,"243":1,"244":1,"245":2,"246":2,"247":2,"248":2,"249":2,"250":9,"251":1,"252":1,"253":1,"254":1,"255":0,"256":0,"257":1,"258":1,"259":1,"260":1,"261":1,"262":1,"263":1,"264":1,"265":105},"branchMap":{"0":{"type":"branch","line":31,"loc":{"start":{"line":31,"column":0},"end":{"line":40,"column":1}},"locations":[{"start":{"line":31,"column":0},"end":{"line":40,"column":1}}]},"1":{"type":"branch","line":37,"loc":{"start":{"line":37,"column":2},"end":{"line":39,"column":3}},"locations":[{"start":{"line":37,"column":2},"end":{"line":39,"column":3}}]},"2":{"type":"branch","line":48,"loc":{"start":{"line":48,"column":7},"end":{"line":85,"column":1}},"locations":[{"start":{"line":48,"column":7},"end":{"line":85,"column":1}}]},"3":{"type":"branch","line":49,"loc":{"start":{"line":49,"column":34},"end":{"line":55,"column":3}},"locations":[{"start":{"line":49,"column":34},"end":{"line":55,"column":3}}]},"4":{"type":"branch","line":55,"loc":{"start":{"line":55,"column":2},"end":{"line":61,"column":11}},"locations":[{"start":{"line":55,"column":2},"end":{"line":61,"column":11}}]},"5":{"type":"branch","line":61,"loc":{"start":{"line":61,"column":2},"end":{"line":84,"column":3}},"locations":[{"start":{"line":61,"column":2},"end":{"line":84,"column":3}}]},"6":{"type":"branch","line":69,"loc":{"start":{"line":69,"column":6},"end":{"line":76,"column":7}},"locations":[{"start":{"line":69,"column":6},"end":{"line":76,"column":7}}]},"7":{"type":"branch","line":77,"loc":{"start":{"line":77,"column":4},"end":{"line":84,"column":3}},"locations":[{"start":{"line":77,"column":4},"end":{"line":84,"column":3}}]},"8":{"type":"branch","line":92,"loc":{"start":{"line":92,"column":7},"end":{"line":155,"column":1}},"locations":[{"start":{"line":92,"column":7},"end":{"line":155,"column":1}}]},"9":{"type":"branch","line":93,"loc":{"start":{"line":93,"column":34},"end":{"line":100,"column":3}},"locations":[{"start":{"line":93,"column":34},"end":{"line":100,"column":3}}]},"10":{"type":"branch","line":100,"loc":{"start":{"line":100,"column":2},"end":{"line":105,"column":29}},"locations":[{"start":{"line":100,"column":2},"end":{"line":105,"column":29}}]},"11":{"type":"branch","line":105,"loc":{"start":{"line":105,"column":29},"end":{"line":111,"column":5}},"locations":[{"start":{"line":105,"column":29},"end":{"line":111,"column":5}}]},"12":{"type":"branch","line":111,"loc":{"start":{"line":111,"column":4},"end":{"line":154,"column":3}},"locations":[{"start":{"line":111,"column":4},"end":{"line":154,"column":3}}]},"13":{"type":"branch","line":111,"loc":{"start":{"line":111,"column":4},"end":{"line":116,"column":31}},"locations":[{"start":{"line":111,"column":4},"end":{"line":116,"column":31}}]},"14":{"type":"branch","line":116,"loc":{"start":{"line":116,"column":31},"end":{"line":118,"column":5}},"locations":[{"start":{"line":116,"column":31},"end":{"line":118,"column":5}}]},"15":{"type":"branch","line":118,"loc":{"start":{"line":118,"column":4},"end":{"line":132,"column":18}},"locations":[{"start":{"line":118,"column":4},"end":{"line":132,"column":18}}]},"16":{"type":"branch","line":132,"loc":{"start":{"line":132,"column":18},"end":{"line":140,"column":11}},"locations":[{"start":{"line":132,"column":18},"end":{"line":140,"column":11}}]},"17":{"type":"branch","line":132,"loc":{"start":{"line":132,"column":18},"end":{"line":134,"column":5}},"locations":[{"start":{"line":132,"column":18},"end":{"line":134,"column":5}}]},"18":{"type":"branch","line":134,"loc":{"start":{"line":134,"column":4},"end":{"line":140,"column":11}},"locations":[{"start":{"line":134,"column":4},"end":{"line":140,"column":11}}]},"19":{"type":"branch","line":140,"loc":{"start":{"line":140,"column":2},"end":{"line":154,"column":3}},"locations":[{"start":{"line":140,"column":2},"end":{"line":154,"column":3}}]},"20":{"type":"branch","line":144,"loc":{"start":{"line":144,"column":4},"end":{"line":146,"column":5}},"locations":[{"start":{"line":144,"column":4},"end":{"line":146,"column":5}}]},"21":{"type":"branch","line":121,"loc":{"start":{"line":121,"column":32},"end":{"line":130,"column":5}},"locations":[{"start":{"line":121,"column":32},"end":{"line":130,"column":5}}]},"22":{"type":"branch","line":127,"loc":{"start":{"line":127,"column":33},"end":{"line":128,"column":38}},"locations":[{"start":{"line":127,"column":33},"end":{"line":128,"column":38}}]},"23":{"type":"branch","line":160,"loc":{"start":{"line":160,"column":7},"end":{"line":166,"column":1}},"locations":[{"start":{"line":160,"column":7},"end":{"line":166,"column":1}}]},"24":{"type":"branch","line":163,"loc":{"start":{"line":163,"column":2},"end":{"line":165,"column":3}},"locations":[{"start":{"line":163,"column":2},"end":{"line":165,"column":3}}]},"25":{"type":"branch","line":174,"loc":{"start":{"line":174,"column":7},"end":{"line":211,"column":1}},"locations":[{"start":{"line":174,"column":7},"end":{"line":211,"column":1}}]},"26":{"type":"branch","line":175,"loc":{"start":{"line":175,"column":34},"end":{"line":181,"column":3}},"locations":[{"start":{"line":175,"column":34},"end":{"line":181,"column":3}}]},"27":{"type":"branch","line":187,"loc":{"start":{"line":187,"column":2},"end":{"line":210,"column":3}},"locations":[{"start":{"line":187,"column":2},"end":{"line":210,"column":3}}]},"28":{"type":"branch","line":195,"loc":{"start":{"line":195,"column":6},"end":{"line":202,"column":7}},"locations":[{"start":{"line":195,"column":6},"end":{"line":202,"column":7}}]},"29":{"type":"branch","line":203,"loc":{"start":{"line":203,"column":4},"end":{"line":210,"column":3}},"locations":[{"start":{"line":203,"column":4},"end":{"line":210,"column":3}}]},"30":{"type":"branch","line":218,"loc":{"start":{"line":218,"column":7},"end":{"line":266,"column":1}},"locations":[{"start":{"line":218,"column":7},"end":{"line":266,"column":1}}]},"31":{"type":"branch","line":219,"loc":{"start":{"line":219,"column":34},"end":{"line":226,"column":3}},"locations":[{"start":{"line":219,"column":34},"end":{"line":226,"column":3}}]},"32":{"type":"branch","line":226,"loc":{"start":{"line":226,"column":2},"end":{"line":231,"column":29}},"locations":[{"start":{"line":226,"column":2},"end":{"line":231,"column":29}}]},"33":{"type":"branch","line":231,"loc":{"start":{"line":231,"column":29},"end":{"line":237,"column":5}},"locations":[{"start":{"line":231,"column":29},"end":{"line":237,"column":5}}]},"34":{"type":"branch","line":237,"loc":{"start":{"line":237,"column":4},"end":{"line":265,"column":3}},"locations":[{"start":{"line":237,"column":4},"end":{"line":265,"column":3}}]},"35":{"type":"branch","line":237,"loc":{"start":{"line":237,"column":4},"end":{"line":243,"column":40}},"locations":[{"start":{"line":237,"column":4},"end":{"line":243,"column":40}}]},"36":{"type":"branch","line":243,"loc":{"start":{"line":243,"column":40},"end":{"line":265,"column":3}},"locations":[{"start":{"line":243,"column":40},"end":{"line":265,"column":3}}]},"37":{"type":"branch","line":243,"loc":{"start":{"line":243,"column":40},"end":{"line":245,"column":5}},"locations":[{"start":{"line":243,"column":40},"end":{"line":245,"column":5}}]},"38":{"type":"branch","line":245,"loc":{"start":{"line":245,"column":4},"end":{"line":251,"column":11}},"locations":[{"start":{"line":245,"column":4},"end":{"line":251,"column":11}}]},"39":{"type":"branch","line":251,"loc":{"start":{"line":251,"column":2},"end":{"line":265,"column":3}},"locations":[{"start":{"line":251,"column":2},"end":{"line":265,"column":3}}]},"40":{"type":"branch","line":255,"loc":{"start":{"line":255,"column":4},"end":{"line":257,"column":5}},"locations":[{"start":{"line":255,"column":4},"end":{"line":257,"column":5}}]}},"b":{"0":[225],"1":[4],"2":[10],"3":[2],"4":[8],"5":[1],"6":[0],"7":[0],"8":[107],"9":[1],"10":[106],"11":[101],"12":[13],"13":[5],"14":[1],"15":[3],"16":[9],"17":[1],"18":[2],"19":[3],"20":[0],"21":[3],"22":[2],"23":[2],"24":[1],"25":[3],"26":[0],"27":[1],"28":[0],"29":[0],"30":[105],"31":[1],"32":[104],"33":[101],"34":[11],"35":[3],"36":[9],"37":[1],"38":[2],"39":[1],"40":[0]},"fnMap":{"0":{"name":"isLocalStorageAvailable","decl":{"start":{"line":31,"column":0},"end":{"line":40,"column":1}},"loc":{"start":{"line":31,"column":0},"end":{"line":40,"column":1}},"line":31},"1":{"name":"saveTasksToLocalStorage","decl":{"start":{"line":48,"column":7},"end":{"line":85,"column":1}},"loc":{"start":{"line":48,"column":7},"end":{"line":85,"column":1}},"line":48},"2":{"name":"loadTasksFromLocalStorage","decl":{"start":{"line":92,"column":7},"end":{"line":155,"column":1}},"loc":{"start":{"line":92,"column":7},"end":{"line":155,"column":1}},"line":92},"3":{"name":"clearTasksFromLocalStorage","decl":{"start":{"line":160,"column":7},"end":{"line":166,"column":1}},"loc":{"start":{"line":160,"column":7},"end":{"line":166,"column":1}},"line":160},"4":{"name":"saveFilterToLocalStorage","decl":{"start":{"line":174,"column":7},"end":{"line":211,"column":1}},"loc":{"start":{"line":174,"column":7},"end":{"line":211,"column":1}},"line":174},"5":{"name":"loadFilterFromLocalStorage","decl":{"start":{"line":218,"column":7},"end":{"line":266,"column":1}},"loc":{"start":{"line":218,"column":7},"end":{"line":266,"column":1}},"line":218}},"f":{"0":225,"1":10,"2":107,"3":2,"4":3,"5":105}}
}
